WARNING: controller.v:576: $readmemh(/home/avinash/Desktop/MajorProject/generic_no_multicast/final_codes/matrices/mem_A_2x2.mem): Not enough words in the file for the requested range [0:15].
WARNING: controller.v:576: $readmemh(/home/avinash/Desktop/MajorProject/generic_no_multicast/final_codes/matrices/mem_B_2x3.mem): Not enough words in the file for the requested range [0:15].

=== STARTING BATCHED EXECUTION (Total VNs: 6, Batch Size: 4, Num Batches: 2) ===

--- BATCH 0 ---

--- VN ALLOCATION ---
Time 35: ACCELERATOR FINAL RESULT -> 43690
Time 55: ACCELERATOR FINAL RESULT -> 43690
Time 75: ACCELERATOR FINAL RESULT -> 43690
Time 95: ACCELERATOR FINAL RESULT -> 43690
Time 115: ACCELERATOR FINAL RESULT -> 43690
Time 135: ACCELERATOR FINAL RESULT -> 43690
Time 155: ACCELERATOR FINAL RESULT -> 43690
ACK received for VN ALLOCATION
Time 175: ACCELERATOR FINAL RESULT -> 43690

--- RN CONFIGURATION ---
Time 195: ACCELERATOR FINAL RESULT -> 43690
Time 215: ACCELERATOR FINAL RESULT -> 43690
Time 235: ACCELERATOR FINAL RESULT -> 43690
Time 255: ACCELERATOR FINAL RESULT -> 43690
Time 275: ACCELERATOR FINAL RESULT -> 43690
Time 295: ACCELERATOR FINAL RESULT -> 43690
Time 315: ACCELERATOR FINAL RESULT -> 43690
ACK received for RN CONFIGURATION
Time 335: ACCELERATOR FINAL RESULT -> 43690

--- ONFIG STATIONARY ---
Time 355: ACCELERATOR FINAL RESULT -> 43690
Time 375: ACCELERATOR FINAL RESULT -> 43690
Time 395: ACCELERATOR FINAL RESULT -> 43690
Time 415: ACCELERATOR FINAL RESULT -> 43690
Time 435: ACCELERATOR FINAL RESULT -> 43690
Time 455: ACCELERATOR FINAL RESULT -> 43690
Time 475: ACCELERATOR FINAL RESULT -> 43690
Time 485: MS Config Broadcast:
  MS[0]: state=0001  payload=0
  MS[1]: state=0001  payload=0
  MS[2]: state=0001  payload=0
  MS[3]: state=0001  payload=0
  MS[4]: state=0001  payload=0
  MS[5]: state=0001  payload=0
  MS[6]: state=0001  payload=0
  MS[7]: state=0001  payload=0
ACK received for ONFIG STATIONARY
Time 495: ACCELERATOR FINAL RESULT -> 43690
Time 515: ACCELERATOR FINAL RESULT -> 43690

--- SEND MATRIX A ---
Time 535: ACCELERATOR FINAL RESULT -> 43690
Time 555: ACCELERATOR FINAL RESULT -> 43690
Time 555: [SCHED] A-Pkt: Val=1 Mask=00000001 (idx=0, t=0)
Time 565: Controller Packet -> Val=1  Mask=00000001
Time 565: [SCHED] A-Pkt: Val=2 Mask=00000010 (idx=0, t=1)
Time 575: Controller Packet -> Val=2  Mask=00000010
Time 575: ACCELERATOR FINAL RESULT -> 43690
Time 575: [SCHED] A-Pkt: Val=1 Mask=00000100 (idx=1, t=0)
Time 585: Controller Packet -> Val=1  Mask=00000100
Time 585: [SCHED] A-Pkt: Val=2 Mask=00001000 (idx=1, t=1)
Time 595: Controller Packet -> Val=2  Mask=00001000
Time 595: ACCELERATOR FINAL RESULT -> 43690
Time 595: [SCHED] A-Pkt: Val=1 Mask=00010000 (idx=2, t=0)
Time 605: Controller Packet -> Val=1  Mask=00010000
Time 605: [SCHED] A-Pkt: Val=2 Mask=00100000 (idx=2, t=1)
Time 615: Controller Packet -> Val=2  Mask=00100000
Time 615: ACCELERATOR FINAL RESULT -> 43690
Time 615: [SCHED] A-Pkt: Val=1 Mask=01000000 (idx=3, t=0)
Time 625: Controller Packet -> Val=1  Mask=01000000
Time 625: [SCHED] A-Pkt: Val=4 Mask=10000000 (idx=3, t=1)
Time 635: Controller Packet -> Val=4  Mask=10000000
Time 635: ACCELERATOR FINAL RESULT -> 43690
Time 655: ACCELERATOR FINAL RESULT -> 43690
Time 675: ACCELERATOR FINAL RESULT -> 43690
Time 695: ACCELERATOR FINAL RESULT -> 43690
Time 715: ACCELERATOR FINAL RESULT -> 43690
Time 735: ACCELERATOR FINAL RESULT -> 43690
Time 755: ACCELERATOR FINAL RESULT -> 43690
Time 775: ACCELERATOR FINAL RESULT -> 43690
Time 795: ACCELERATOR FINAL RESULT -> 43690
Time 815: ACCELERATOR FINAL RESULT -> 43690
Time 835: ACCELERATOR FINAL RESULT -> 43690
Time 855: ACCELERATOR FINAL RESULT -> 43690
Time 875: ACCELERATOR FINAL RESULT -> 43690
Time 895: ACCELERATOR FINAL RESULT -> 43690
Time 915: ACCELERATOR FINAL RESULT -> 43690
Time 935: ACCELERATOR FINAL RESULT -> 43690
Time 955: ACCELERATOR FINAL RESULT -> 43690
Time 975: ACCELERATOR FINAL RESULT -> 43690
Time 995: ACCELERATOR FINAL RESULT -> 43690
Time 1015: ACCELERATOR FINAL RESULT -> 43690
Time 1035: ACCELERATOR FINAL RESULT -> 43690
Time 1055: ACCELERATOR FINAL RESULT -> 43690
Time 1075: ACCELERATOR FINAL RESULT -> 43690
Time 1095: ACCELERATOR FINAL RESULT -> 43690
Time 1115: ACCELERATOR FINAL RESULT -> 43690
Time 1135: ACCELERATOR FINAL RESULT -> 43690
ACK received for SEND MATRIX A
Time 1155: ACCELERATOR FINAL RESULT -> 43690

--- CONFIG STREAMING ---
Time 1175: ACCELERATOR FINAL RESULT -> 43690
Time 1195: ACCELERATOR FINAL RESULT -> 43690
Time 1215: ACCELERATOR FINAL RESULT -> 43690
Time 1235: ACCELERATOR FINAL RESULT -> 43690
Time 1255: ACCELERATOR FINAL RESULT -> 43690
Time 1275: ACCELERATOR FINAL RESULT -> 43690
Time 1295: ACCELERATOR FINAL RESULT -> 43690
Time 1305: MS Config Broadcast:
  MS[0]: state=0010  payload=1
  MS[1]: state=0010  payload=1
  MS[2]: state=0010  payload=1
  MS[3]: state=0010  payload=1
  MS[4]: state=0010  payload=1
  MS[5]: state=0010  payload=1
  MS[6]: state=0010  payload=1
  MS[7]: state=0010  payload=1
ACK received for CONFIG STREAMING
Time 1315: ACCELERATOR FINAL RESULT -> 43690
Time 1335: ACCELERATOR FINAL RESULT -> 43690

--- SEND MATRIX B ---
Time 1355: ACCELERATOR FINAL RESULT -> 43690
Time 1375: ACCELERATOR FINAL RESULT -> 43690
Time 1375: [SCHED] B-Pkt: Val=1 Mask=00000001 (idx=0, t=0)
Time 1385: Controller Packet -> Val=1  Mask=00000001
Time 1385: [SCHED] B-Pkt: Val=4 Mask=00000010 (idx=0, t=1)
Time 1395: Controller Packet -> Val=4  Mask=00000010
Time 1395: ACCELERATOR FINAL RESULT -> 43690
Time 1395: [SCHED] B-Pkt: Val=1 Mask=00000100 (idx=1, t=0)
Time 1405: Controller Packet -> Val=1  Mask=00000100
Time 1405: [SCHED] B-Pkt: Val=5 Mask=00001000 (idx=1, t=1)
Time 1415: Controller Packet -> Val=5  Mask=00001000
Time 1415: ACCELERATOR FINAL RESULT -> 43690
Time 1415: [SCHED] B-Pkt: Val=2 Mask=00010000 (idx=2, t=0)
Time 1425: Controller Packet -> Val=2  Mask=00010000
Time 1425: [SCHED] B-Pkt: Val=6 Mask=00100000 (idx=2, t=1)
Time 1435: Controller Packet -> Val=6  Mask=00100000
Time 1435: ACCELERATOR FINAL RESULT -> 43690
Time 1435: [SCHED] B-Pkt: Val=3 Mask=01000000 (idx=3, t=0)
Time 1445: Controller Packet -> Val=3  Mask=01000000
Time 1445: [SCHED] B-Pkt: Val=4 Mask=10000000 (idx=3, t=1)
Time 1455: Controller Packet -> Val=4  Mask=10000000
Time 1455: ACCELERATOR FINAL RESULT -> 43690
Time 1465: ACCELERATOR FINAL RESULT -> 9
Time 1485: ACCELERATOR FINAL RESULT -> 9
Time 1505: ACCELERATOR FINAL RESULT -> 9
Time 1515: ACCELERATOR FINAL RESULT -> 11
Time 1535: ACCELERATOR FINAL RESULT -> 11
Time 1545: ACCELERATOR FINAL RESULT -> 14
Time 1565: ACCELERATOR FINAL RESULT -> 14
Time 1585: ACCELERATOR FINAL RESULT -> 14
Time 1595: ACCELERATOR FINAL RESULT -> 19
Time 1615: ACCELERATOR FINAL RESULT -> 19
Time 1635: ACCELERATOR FINAL RESULT -> 19
Time 1655: ACCELERATOR FINAL RESULT -> 19
Time 1675: ACCELERATOR FINAL RESULT -> 19
Time 1695: ACCELERATOR FINAL RESULT -> 19
Time 1715: ACCELERATOR FINAL RESULT -> 19
Time 1735: ACCELERATOR FINAL RESULT -> 19
Time 1755: ACCELERATOR FINAL RESULT -> 19
Time 1775: ACCELERATOR FINAL RESULT -> 19
Time 1795: ACCELERATOR FINAL RESULT -> 19
Time 1815: ACCELERATOR FINAL RESULT -> 19
Time 1835: ACCELERATOR FINAL RESULT -> 19
Time 1855: ACCELERATOR FINAL RESULT -> 19
Time 1875: ACCELERATOR FINAL RESULT -> 19
Time 1895: ACCELERATOR FINAL RESULT -> 19
Time 1915: ACCELERATOR FINAL RESULT -> 19
Time 1935: ACCELERATOR FINAL RESULT -> 19
Time 1955: ACCELERATOR FINAL RESULT -> 19
ACK received for SEND MATRIX B
Time 1975: ACCELERATOR FINAL RESULT -> 19
  [TB] Waiting for ART to be EMPTY...
Time 1995: ACCELERATOR FINAL RESULT -> 19

--- BATCH 1 ---

--- VN ALLOCATION ---
Time 2015: ACCELERATOR FINAL RESULT -> 19
Time 2035: ACCELERATOR FINAL RESULT -> 19
Time 2055: ACCELERATOR FINAL RESULT -> 19
Time 2075: ACCELERATOR FINAL RESULT -> 19
ACK received for VN ALLOCATION
Time 2095: ACCELERATOR FINAL RESULT -> 19
Time 2115: ACCELERATOR FINAL RESULT -> 19

--- RN CONFIGURATION ---
Time 2135: ACCELERATOR FINAL RESULT -> 19
ACK received for RN CONFIGURATION
Time 2155: ACCELERATOR FINAL RESULT -> 19

--- ONFIG STATIONARY ---
Time 2175: ACCELERATOR FINAL RESULT -> 19
Time 2195: ACCELERATOR FINAL RESULT -> 19
Time 2215: ACCELERATOR FINAL RESULT -> 19
Time 2235: ACCELERATOR FINAL RESULT -> 19
Time 2255: ACCELERATOR FINAL RESULT -> 19
Time 2275: ACCELERATOR FINAL RESULT -> 19
Time 2295: ACCELERATOR FINAL RESULT -> 19
Time 2305: MS Config Broadcast:
  MS[0]: state=0001  payload=0
  MS[1]: state=0001  payload=0
  MS[2]: state=0001  payload=0
  MS[3]: state=0001  payload=0
  MS[4]: state=0001  payload=0
  MS[5]: state=0001  payload=0
  MS[6]: state=0001  payload=0
  MS[7]: state=0001  payload=0
ACK received for ONFIG STATIONARY
Time 2315: ACCELERATOR FINAL RESULT -> 19
Time 2335: ACCELERATOR FINAL RESULT -> 19

--- SEND MATRIX A ---
Time 2355: ACCELERATOR FINAL RESULT -> 19
Time 2375: ACCELERATOR FINAL RESULT -> 19
Time 2375: [SCHED] A-Pkt: Val=3 Mask=00000001 (idx=0, t=0)
Time 2385: Controller Packet -> Val=3  Mask=00000001
Time 2385: [SCHED] A-Pkt: Val=2 Mask=00000010 (idx=0, t=1)
Time 2395: Controller Packet -> Val=2  Mask=00000010
Time 2395: ACCELERATOR FINAL RESULT -> 19
Time 2395: [SCHED] A-Pkt: Val=1 Mask=00000100 (idx=1, t=0)
Time 2405: Controller Packet -> Val=1  Mask=00000100
Time 2405: [SCHED] A-Pkt: Val=2 Mask=00001000 (idx=1, t=1)
Time 2415: Controller Packet -> Val=2  Mask=00001000
Time 2415: ACCELERATOR FINAL RESULT -> 19
Time 2415: [SCHED] A-Pkt: Val=1 Mask=00010000 (idx=2, t=0)
Time 2425: Controller Packet -> Val=1  Mask=00010000
Time 2425: [SCHED] A-Pkt: Val=2 Mask=00100000 (idx=2, t=1)
Time 2435: Controller Packet -> Val=2  Mask=00100000
Time 2435: ACCELERATOR FINAL RESULT -> 19
Time 2435: [SCHED] A-Pkt: Val=1 Mask=01000000 (idx=3, t=0)
Time 2445: Controller Packet -> Val=1  Mask=01000000
Time 2445: [SCHED] A-Pkt: Val=4 Mask=10000000 (idx=3, t=1)
Time 2455: Controller Packet -> Val=4  Mask=10000000
Time 2455: ACCELERATOR FINAL RESULT -> 19
Time 2475: ACCELERATOR FINAL RESULT -> 19
Time 2495: ACCELERATOR FINAL RESULT -> 19
Time 2515: ACCELERATOR FINAL RESULT -> 19
Time 2535: ACCELERATOR FINAL RESULT -> 19
Time 2555: ACCELERATOR FINAL RESULT -> 19
Time 2575: ACCELERATOR FINAL RESULT -> 19
Time 2595: ACCELERATOR FINAL RESULT -> 19
Time 2615: ACCELERATOR FINAL RESULT -> 19
Time 2635: ACCELERATOR FINAL RESULT -> 19
Time 2655: ACCELERATOR FINAL RESULT -> 19
Time 2675: ACCELERATOR FINAL RESULT -> 19
Time 2695: ACCELERATOR FINAL RESULT -> 19
Time 2715: ACCELERATOR FINAL RESULT -> 19
Time 2735: ACCELERATOR FINAL RESULT -> 19
Time 2755: ACCELERATOR FINAL RESULT -> 19
Time 2775: ACCELERATOR FINAL RESULT -> 19
Time 2795: ACCELERATOR FINAL RESULT -> 19
Time 2815: ACCELERATOR FINAL RESULT -> 19
Time 2835: ACCELERATOR FINAL RESULT -> 19
Time 2855: ACCELERATOR FINAL RESULT -> 19
Time 2875: ACCELERATOR FINAL RESULT -> 19
Time 2895: ACCELERATOR FINAL RESULT -> 19
Time 2915: ACCELERATOR FINAL RESULT -> 19
Time 2935: ACCELERATOR FINAL RESULT -> 19
Time 2955: ACCELERATOR FINAL RESULT -> 19
ACK received for SEND MATRIX A
Time 2975: ACCELERATOR FINAL RESULT -> 19

--- CONFIG STREAMING ---
Time 2995: ACCELERATOR FINAL RESULT -> 19
Time 3015: ACCELERATOR FINAL RESULT -> 19
Time 3035: ACCELERATOR FINAL RESULT -> 19
Time 3055: ACCELERATOR FINAL RESULT -> 19
Time 3075: ACCELERATOR FINAL RESULT -> 19
Time 3095: ACCELERATOR FINAL RESULT -> 19
Time 3115: ACCELERATOR FINAL RESULT -> 19
Time 3125: MS Config Broadcast:
  MS[0]: state=0010  payload=1
  MS[1]: state=0010  payload=1
  MS[2]: state=0010  payload=1
  MS[3]: state=0010  payload=1
  MS[4]: state=0010  payload=1
  MS[5]: state=0010  payload=1
  MS[6]: state=0010  payload=1
  MS[7]: state=0010  payload=1
ACK received for CONFIG STREAMING
Time 3135: ACCELERATOR FINAL RESULT -> 19
Time 3155: ACCELERATOR FINAL RESULT -> 19

--- SEND MATRIX B ---
Time 3175: ACCELERATOR FINAL RESULT -> 19
Time 3195: ACCELERATOR FINAL RESULT -> 19
Time 3195: [SCHED] B-Pkt: Val=1 Mask=00000001 (idx=0, t=0)
Time 3205: Controller Packet -> Val=1  Mask=00000001
Time 3205: [SCHED] B-Pkt: Val=4 Mask=00000010 (idx=0, t=1)
Time 3215: Controller Packet -> Val=4  Mask=00000010
Time 3215: ACCELERATOR FINAL RESULT -> 19
Time 3215: [SCHED] B-Pkt: Val=1 Mask=00000100 (idx=1, t=0)
Time 3225: Controller Packet -> Val=1  Mask=00000100
Time 3225: [SCHED] B-Pkt: Val=5 Mask=00001000 (idx=1, t=1)
Time 3235: Controller Packet -> Val=5  Mask=00001000
Time 3235: ACCELERATOR FINAL RESULT -> 19
Time 3235: [SCHED] B-Pkt: Val=2 Mask=00010000 (idx=2, t=0)
Time 3245: Controller Packet -> Val=2  Mask=00010000
Time 3245: [SCHED] B-Pkt: Val=6 Mask=00100000 (idx=2, t=1)
Time 3255: Controller Packet -> Val=6  Mask=00100000
Time 3255: ACCELERATOR FINAL RESULT -> 19
Time 3255: [SCHED] B-Pkt: Val=3 Mask=01000000 (idx=3, t=0)
Time 3265: Controller Packet -> Val=3  Mask=01000000
Time 3265: [SCHED] B-Pkt: Val=4 Mask=10000000 (idx=3, t=1)
Time 3275: Controller Packet -> Val=4  Mask=10000000
Time 3275: ACCELERATOR FINAL RESULT -> 19
Time 3285: ACCELERATOR FINAL RESULT -> 11
Time 3305: ACCELERATOR FINAL RESULT -> 11
Time 3325: ACCELERATOR FINAL RESULT -> 11
Time 3335: ACCELERATOR FINAL RESULT -> 11
Time 3355: ACCELERATOR FINAL RESULT -> 11
Time 3365: ACCELERATOR FINAL RESULT -> 14
Time 3385: ACCELERATOR FINAL RESULT -> 14
Time 3405: ACCELERATOR FINAL RESULT -> 14
Time 3415: ACCELERATOR FINAL RESULT -> 19
Time 3435: ACCELERATOR FINAL RESULT -> 19
Time 3455: ACCELERATOR FINAL RESULT -> 19
Time 3475: ACCELERATOR FINAL RESULT -> 19
Time 3495: ACCELERATOR FINAL RESULT -> 19
Time 3515: ACCELERATOR FINAL RESULT -> 19
Time 3535: ACCELERATOR FINAL RESULT -> 19
Time 3555: ACCELERATOR FINAL RESULT -> 19
Time 3575: ACCELERATOR FINAL RESULT -> 19
Time 3595: ACCELERATOR FINAL RESULT -> 19
Time 3615: ACCELERATOR FINAL RESULT -> 19
Time 3635: ACCELERATOR FINAL RESULT -> 19
Time 3655: ACCELERATOR FINAL RESULT -> 19
Time 3675: ACCELERATOR FINAL RESULT -> 19
Time 3695: ACCELERATOR FINAL RESULT -> 19
Time 3715: ACCELERATOR FINAL RESULT -> 19
Time 3735: ACCELERATOR FINAL RESULT -> 19
Time 3755: ACCELERATOR FINAL RESULT -> 19
Time 3775: ACCELERATOR FINAL RESULT -> 19
ACK received for SEND MATRIX B
Time 3795: ACCELERATOR FINAL RESULT -> 19

=== FULL SEQUENCE COMPLETED ===
Time 3815: ACCELERATOR FINAL RESULT -> 19
Time 3835: ACCELERATOR FINAL RESULT -> 19
Time 3855: ACCELERATOR FINAL RESULT -> 19
Time 3875: ACCELERATOR FINAL RESULT -> 19
Time 3895: ACCELERATOR FINAL RESULT -> 19
tb_accel.v:167: $finish called at 3905 (1s)
