WARNING: controller.v:576: $readmemh(/home/avinash/Desktop/MajorProject/generic_no_multicast/final_codes/matrices/mem_A_2x2.mem): Not enough words in the file for the requested range [0:15].
WARNING: controller.v:576: $readmemh(/home/avinash/Desktop/MajorProject/generic_no_multicast/final_codes/matrices/mem_B_2x3.mem): Not enough words in the file for the requested range [0:15].

=== STARTING BATCHED EXECUTION (Total VNs: 6, Batch Size: 4, Num Batches: 2) ===

--- BATCH 0 ---

--- VN ALLOCATION ---
Time 35: ACCELERATOR FINAL RESULT -> 43690
Time 55: ACCELERATOR FINAL RESULT -> 43690
Time 75: ACCELERATOR FINAL RESULT -> 43690
Time 95: ACCELERATOR FINAL RESULT -> 43690
Time 115: ACCELERATOR FINAL RESULT -> 43690
Time 135: ACCELERATOR FINAL RESULT -> 43690
Time 155: ACCELERATOR FINAL RESULT -> 43690
ACK received for VN ALLOCATION
Time 175: ACCELERATOR FINAL RESULT -> 43690

--- RN CONFIGURATION ---
Time 195: ACCELERATOR FINAL RESULT -> 43690
Time 215: ACCELERATOR FINAL RESULT -> 43690
Time 235: ACCELERATOR FINAL RESULT -> 43690
Time 255: ACCELERATOR FINAL RESULT -> 43690
Time 275: ACCELERATOR FINAL RESULT -> 43690
Time 295: ACCELERATOR FINAL RESULT -> 43690
Time 315: ACCELERATOR FINAL RESULT -> 43690
ACK received for RN CONFIGURATION
Time 335: ACCELERATOR FINAL RESULT -> 43690

--- ONFIG STATIONARY ---
Time 355: ACCELERATOR FINAL RESULT -> 43690
Time 375: ACCELERATOR FINAL RESULT -> 43690
Time 395: ACCELERATOR FINAL RESULT -> 43690
Time 415: ACCELERATOR FINAL RESULT -> 43690
Time 435: ACCELERATOR FINAL RESULT -> 43690
Time 455: ACCELERATOR FINAL RESULT -> 43690
Time 475: ACCELERATOR FINAL RESULT -> 43690
Time 485: MS Config Broadcast:
  MS[0]: state=0001  payload=0
  MS[1]: state=0001  payload=0
  MS[2]: state=0001  payload=0
  MS[3]: state=0001  payload=0
  MS[4]: state=0001  payload=0
  MS[5]: state=0001  payload=0
  MS[6]: state=0001  payload=0
  MS[7]: state=0001  payload=0
ACK received for ONFIG STATIONARY
Time 495: ACCELERATOR FINAL RESULT -> 43690
Time 515: ACCELERATOR FINAL RESULT -> 43690

--- SEND MATRIX A ---
Time 535: ACCELERATOR FINAL RESULT -> 43690
Time 555: ACCELERATOR FINAL RESULT -> 43690
Time 555: [SCHED] A-Pkt: Val=1 Mask=00000001 (idx=0, t=0)
Time 565: Controller Packet -> Val=1  Mask=00000001
Time 565: [SCHED] A-Pkt: Val=2 Mask=00000010 (idx=0, t=1)
Time 575: Controller Packet -> Val=2  Mask=00000010
Time 575: ACCELERATOR FINAL RESULT -> 43690
Time 575: [SCHED] A-Pkt: Val=3 Mask=01000000 (idx=3, t=0)
Time 585: Controller Packet -> Val=3  Mask=01000000
Time 585: [SCHED] A-Pkt: Val=4 Mask=10000000 (idx=3, t=1)
Time 595: Controller Packet -> Val=4  Mask=10000000
Time 595: ACCELERATOR FINAL RESULT -> 43690
Time 595: [SCHED] A-Pkt: Val=1 Mask=00000100 (idx=1, t=0)
Time 605: Controller Packet -> Val=1  Mask=00000100
Time 605: [SCHED] A-Pkt: Val=2 Mask=00001000 (idx=1, t=1)
Time 615: Controller Packet -> Val=2  Mask=00001000
Time 615: ACCELERATOR FINAL RESULT -> 43690
Time 615: [SCHED] A-Pkt: Val=3 Mask=00000001 (idx=4, t=0)
Time 625: Controller Packet -> Val=3  Mask=00000001
Time 635: ACCELERATOR FINAL RESULT -> 43690
Time 645: [SCHED] A-Pkt: Val=2 Mask=00100000 (idx=2, t=1)
Time 655: Controller Packet -> Val=2  Mask=00100000
Time 655: ACCELERATOR FINAL RESULT -> 43690
Time 655: [SCHED] A-Pkt: Val=3 Mask=00000100 (idx=5, t=0)
Time 665: Controller Packet -> Val=3  Mask=00000100
Time 675: ACCELERATOR FINAL RESULT -> 43690
Time 695: ACCELERATOR FINAL RESULT -> 43690
Time 715: ACCELERATOR FINAL RESULT -> 43690
Time 735: ACCELERATOR FINAL RESULT -> 43690
Time 755: ACCELERATOR FINAL RESULT -> 43690
Time 775: ACCELERATOR FINAL RESULT -> 43690
Time 795: ACCELERATOR FINAL RESULT -> 43690
Time 815: ACCELERATOR FINAL RESULT -> 43690
Time 835: ACCELERATOR FINAL RESULT -> 43690
Time 855: ACCELERATOR FINAL RESULT -> 43690
Time 875: ACCELERATOR FINAL RESULT -> 43690
Time 895: ACCELERATOR FINAL RESULT -> 43690
Time 915: ACCELERATOR FINAL RESULT -> 43690
Time 935: ACCELERATOR FINAL RESULT -> 43690
Time 955: ACCELERATOR FINAL RESULT -> 43690
Time 975: ACCELERATOR FINAL RESULT -> 43690
Time 995: ACCELERATOR FINAL RESULT -> 43690
Time 1015: ACCELERATOR FINAL RESULT -> 43690
Time 1035: ACCELERATOR FINAL RESULT -> 43690
Time 1055: ACCELERATOR FINAL RESULT -> 43690
Time 1075: ACCELERATOR FINAL RESULT -> 43690
Time 1095: ACCELERATOR FINAL RESULT -> 43690
Time 1115: ACCELERATOR FINAL RESULT -> 43690
Time 1135: ACCELERATOR FINAL RESULT -> 43690
Time 1155: ACCELERATOR FINAL RESULT -> 43690
Time 1175: ACCELERATOR FINAL RESULT -> 43690
ACK received for SEND MATRIX A
Time 1195: ACCELERATOR FINAL RESULT -> 43690

--- CONFIG STREAMING ---
Time 1215: ACCELERATOR FINAL RESULT -> 43690
Time 1235: ACCELERATOR FINAL RESULT -> 43690
Time 1255: ACCELERATOR FINAL RESULT -> 43690
Time 1275: ACCELERATOR FINAL RESULT -> 43690
Time 1295: ACCELERATOR FINAL RESULT -> 43690
Time 1315: ACCELERATOR FINAL RESULT -> 43690
Time 1335: ACCELERATOR FINAL RESULT -> 43690
Time 1345: MS Config Broadcast:
  MS[0]: state=0010  payload=1
  MS[1]: state=0010  payload=1
  MS[2]: state=0010  payload=1
  MS[3]: state=0010  payload=1
  MS[4]: state=0010  payload=1
  MS[5]: state=0010  payload=1
  MS[6]: state=0010  payload=1
  MS[7]: state=0010  payload=1
ACK received for CONFIG STREAMING
Time 1355: ACCELERATOR FINAL RESULT -> 43690
Time 1375: ACCELERATOR FINAL RESULT -> 43690

--- SEND MATRIX B ---
Time 1395: ACCELERATOR FINAL RESULT -> 43690
Time 1415: ACCELERATOR FINAL RESULT -> 43690
Time 1415: [SCHED] B-Pkt: Val=1 Mask=00000001 (idx=0, t=0)
Time 1425: Controller Packet -> Val=1  Mask=00000001
Time 1425: [SCHED] B-Pkt: Val=4 Mask=00000010 (idx=0, t=1)
Time 1435: Controller Packet -> Val=4  Mask=00000010
Time 1435: ACCELERATOR FINAL RESULT -> 43690
Time 1435: [SCHED] B-Pkt: Val=1 Mask=01000000 (idx=3, t=0)
Time 1445: Controller Packet -> Val=1  Mask=01000000
Time 1445: [SCHED] B-Pkt: Val=4 Mask=10000000 (idx=3, t=1)
Time 1455: Controller Packet -> Val=4  Mask=10000000
Time 1455: ACCELERATOR FINAL RESULT -> 43690
Time 1455: [SCHED] B-Pkt: Val=2 Mask=00000100 (idx=1, t=0)
Time 1465: Controller Packet -> Val=2  Mask=00000100
Time 1465: [SCHED] B-Pkt: Val=5 Mask=00001000 (idx=1, t=1)
Time 1475: Controller Packet -> Val=5  Mask=00001000
Time 1475: ACCELERATOR FINAL RESULT -> 43690
Time 1475: [SCHED] B-Pkt: Val=2 Mask=00000001 (idx=4, t=0)
Time 1485: Controller Packet -> Val=2  Mask=00000001
Time 1495: ACCELERATOR FINAL RESULT -> 43690
Time 1505: ACCELERATOR FINAL RESULT -> 11
Time 1505: [SCHED] B-Pkt: Val=6 Mask=00100000 (idx=2, t=1)
Time 1515: Controller Packet -> Val=6  Mask=00100000
Time 1515: [SCHED] B-Pkt: Val=3 Mask=00000100 (idx=5, t=0)
Time 1525: ACCELERATOR FINAL RESULT -> 11
Time 1525: Controller Packet -> Val=3  Mask=00000100
Time 1545: ACCELERATOR FINAL RESULT -> 11
Time 1555: ACCELERATOR FINAL RESULT -> 19
Time 1575: ACCELERATOR FINAL RESULT -> 19
Time 1585: ACCELERATOR FINAL RESULT -> 16
Time 1605: ACCELERATOR FINAL RESULT -> 16
Time 1625: ACCELERATOR FINAL RESULT -> 16
Time 1645: ACCELERATOR FINAL RESULT -> 16
Time 1665: ACCELERATOR FINAL RESULT -> 16
Time 1685: ACCELERATOR FINAL RESULT -> 16
Time 1705: ACCELERATOR FINAL RESULT -> 16
Time 1725: ACCELERATOR FINAL RESULT -> 16
Time 1745: ACCELERATOR FINAL RESULT -> 16
Time 1765: ACCELERATOR FINAL RESULT -> 16
Time 1785: ACCELERATOR FINAL RESULT -> 16
Time 1805: ACCELERATOR FINAL RESULT -> 16
Time 1825: ACCELERATOR FINAL RESULT -> 16
Time 1845: ACCELERATOR FINAL RESULT -> 16
Time 1865: ACCELERATOR FINAL RESULT -> 16
Time 1885: ACCELERATOR FINAL RESULT -> 16
Time 1905: ACCELERATOR FINAL RESULT -> 16
Time 1925: ACCELERATOR FINAL RESULT -> 16
Time 1945: ACCELERATOR FINAL RESULT -> 16
Time 1965: ACCELERATOR FINAL RESULT -> 16
Time 1985: ACCELERATOR FINAL RESULT -> 16
Time 2005: ACCELERATOR FINAL RESULT -> 16
Time 2025: ACCELERATOR FINAL RESULT -> 16
ACK received for SEND MATRIX B
Time 2045: ACCELERATOR FINAL RESULT -> 16
Time 2065: ACCELERATOR FINAL RESULT -> 16
  [TB] Waiting for ART to be EMPTY...

--- BATCH 1 ---

--- VN ALLOCATION ---
Time 2085: ACCELERATOR FINAL RESULT -> 16
Time 2105: ACCELERATOR FINAL RESULT -> 16
Time 2125: ACCELERATOR FINAL RESULT -> 16
Time 2145: ACCELERATOR FINAL RESULT -> 16
Time 2165: ACCELERATOR FINAL RESULT -> 16
ACK received for VN ALLOCATION
Time 2185: ACCELERATOR FINAL RESULT -> 16

--- RN CONFIGURATION ---
Time 2205: ACCELERATOR FINAL RESULT -> 16
ACK received for RN CONFIGURATION
Time 2225: ACCELERATOR FINAL RESULT -> 16
Time 2245: ACCELERATOR FINAL RESULT -> 16

--- ONFIG STATIONARY ---
Time 2265: ACCELERATOR FINAL RESULT -> 16
Time 2285: ACCELERATOR FINAL RESULT -> 16
Time 2305: ACCELERATOR FINAL RESULT -> 16
Time 2325: ACCELERATOR FINAL RESULT -> 16
Time 2345: ACCELERATOR FINAL RESULT -> 16
Time 2365: ACCELERATOR FINAL RESULT -> 16
Time 2385: ACCELERATOR FINAL RESULT -> 16
Time 2385: MS Config Broadcast:
  MS[0]: state=0001  payload=0
  MS[1]: state=0001  payload=0
  MS[2]: state=0001  payload=0
  MS[3]: state=0001  payload=0
  MS[4]: state=0001  payload=0
  MS[5]: state=0001  payload=0
  MS[6]: state=0001  payload=0
  MS[7]: state=0001  payload=0
ACK received for ONFIG STATIONARY
Time 2405: ACCELERATOR FINAL RESULT -> 16

--- SEND MATRIX A ---
Time 2425: ACCELERATOR FINAL RESULT -> 16
Time 2445: ACCELERATOR FINAL RESULT -> 16
Time 2455: [SCHED] A-Pkt: Val=1 Mask=00000001 (idx=0, t=0)
Time 2465: ACCELERATOR FINAL RESULT -> 16
Time 2465: Controller Packet -> Val=1  Mask=00000001
Time 2465: [SCHED] A-Pkt: Val=2 Mask=00000010 (idx=0, t=1)
Time 2475: Controller Packet -> Val=2  Mask=00000010
Time 2475: [SCHED] A-Pkt: Val=3 Mask=01000000 (idx=3, t=0)
Time 2485: ACCELERATOR FINAL RESULT -> 16
Time 2485: Controller Packet -> Val=3  Mask=01000000
Time 2485: [SCHED] A-Pkt: Val=4 Mask=10000000 (idx=3, t=1)
Time 2495: Controller Packet -> Val=4  Mask=10000000
Time 2495: [SCHED] A-Pkt: Val=1 Mask=00000100 (idx=1, t=0)
Time 2505: ACCELERATOR FINAL RESULT -> 16
Time 2505: Controller Packet -> Val=1  Mask=00000100
Time 2505: [SCHED] A-Pkt: Val=2 Mask=00001000 (idx=1, t=1)
Time 2515: Controller Packet -> Val=2  Mask=00001000
Time 2515: [SCHED] A-Pkt: Val=3 Mask=00000001 (idx=4, t=0)
Time 2525: ACCELERATOR FINAL RESULT -> 16
Time 2525: Controller Packet -> Val=3  Mask=00000001
Time 2545: ACCELERATOR FINAL RESULT -> 16
Time 2545: [SCHED] A-Pkt: Val=2 Mask=00100000 (idx=2, t=1)
Time 2555: Controller Packet -> Val=2  Mask=00100000
Time 2555: [SCHED] A-Pkt: Val=3 Mask=00000100 (idx=5, t=0)
Time 2565: ACCELERATOR FINAL RESULT -> 16
Time 2565: Controller Packet -> Val=3  Mask=00000100
Time 2585: ACCELERATOR FINAL RESULT -> 16
Time 2605: ACCELERATOR FINAL RESULT -> 16
Time 2625: ACCELERATOR FINAL RESULT -> 16
Time 2645: ACCELERATOR FINAL RESULT -> 16
Time 2665: ACCELERATOR FINAL RESULT -> 16
Time 2685: ACCELERATOR FINAL RESULT -> 16
Time 2705: ACCELERATOR FINAL RESULT -> 16
Time 2725: ACCELERATOR FINAL RESULT -> 16
Time 2745: ACCELERATOR FINAL RESULT -> 16
Time 2765: ACCELERATOR FINAL RESULT -> 16
Time 2785: ACCELERATOR FINAL RESULT -> 16
Time 2805: ACCELERATOR FINAL RESULT -> 16
Time 2825: ACCELERATOR FINAL RESULT -> 16
Time 2845: ACCELERATOR FINAL RESULT -> 16
Time 2865: ACCELERATOR FINAL RESULT -> 16
Time 2885: ACCELERATOR FINAL RESULT -> 16
Time 2905: ACCELERATOR FINAL RESULT -> 16
Time 2925: ACCELERATOR FINAL RESULT -> 16
Time 2945: ACCELERATOR FINAL RESULT -> 16
Time 2965: ACCELERATOR FINAL RESULT -> 16
Time 2985: ACCELERATOR FINAL RESULT -> 16
Time 3005: ACCELERATOR FINAL RESULT -> 16
Time 3025: ACCELERATOR FINAL RESULT -> 16
Time 3045: ACCELERATOR FINAL RESULT -> 16
Time 3065: ACCELERATOR FINAL RESULT -> 16
ACK received for SEND MATRIX A
Time 3085: ACCELERATOR FINAL RESULT -> 16
Time 3105: ACCELERATOR FINAL RESULT -> 16

--- CONFIG STREAMING ---
Time 3125: ACCELERATOR FINAL RESULT -> 16
Time 3145: ACCELERATOR FINAL RESULT -> 16
Time 3165: ACCELERATOR FINAL RESULT -> 16
Time 3185: ACCELERATOR FINAL RESULT -> 16
Time 3205: ACCELERATOR FINAL RESULT -> 16
Time 3225: ACCELERATOR FINAL RESULT -> 16
Time 3245: ACCELERATOR FINAL RESULT -> 16
Time 3245: MS Config Broadcast:
  MS[0]: state=0010  payload=1
  MS[1]: state=0010  payload=1
  MS[2]: state=0010  payload=1
  MS[3]: state=0010  payload=1
  MS[4]: state=0010  payload=1
  MS[5]: state=0010  payload=1
  MS[6]: state=0010  payload=1
  MS[7]: state=0010  payload=1
ACK received for CONFIG STREAMING
Time 3265: ACCELERATOR FINAL RESULT -> 16

--- SEND MATRIX B ---
Time 3285: ACCELERATOR FINAL RESULT -> 16
Time 3305: ACCELERATOR FINAL RESULT -> 16
Time 3315: [SCHED] B-Pkt: Val=1 Mask=00000001 (idx=0, t=0)
Time 3325: ACCELERATOR FINAL RESULT -> 16
Time 3325: Controller Packet -> Val=1  Mask=00000001
Time 3325: [SCHED] B-Pkt: Val=4 Mask=00000010 (idx=0, t=1)
Time 3335: Controller Packet -> Val=4  Mask=00000010
Time 3335: [SCHED] B-Pkt: Val=1 Mask=01000000 (idx=3, t=0)
Time 3345: ACCELERATOR FINAL RESULT -> 16
Time 3345: Controller Packet -> Val=1  Mask=01000000
Time 3345: [SCHED] B-Pkt: Val=4 Mask=10000000 (idx=3, t=1)
Time 3355: Controller Packet -> Val=4  Mask=10000000
Time 3355: [SCHED] B-Pkt: Val=2 Mask=00000100 (idx=1, t=0)
Time 3365: ACCELERATOR FINAL RESULT -> 16
Time 3365: Controller Packet -> Val=2  Mask=00000100
Time 3365: [SCHED] B-Pkt: Val=5 Mask=00001000 (idx=1, t=1)
Time 3375: Controller Packet -> Val=5  Mask=00001000
Time 3375: [SCHED] B-Pkt: Val=2 Mask=00000001 (idx=4, t=0)
Time 3385: ACCELERATOR FINAL RESULT -> 16
Time 3385: Controller Packet -> Val=2  Mask=00000001
Time 3405: ACCELERATOR FINAL RESULT -> 16
Time 3405: [SCHED] B-Pkt: Val=6 Mask=00100000 (idx=2, t=1)
Time 3415: Controller Packet -> Val=6  Mask=00100000
Time 3415: ACCELERATOR FINAL RESULT -> 11
Time 3415: [SCHED] B-Pkt: Val=3 Mask=00000100 (idx=5, t=0)
Time 3425: Controller Packet -> Val=3  Mask=00000100
Time 3435: ACCELERATOR FINAL RESULT -> 11
Time 3445: ACCELERATOR FINAL RESULT -> 19
Time 3465: ACCELERATOR FINAL RESULT -> 19
Time 3485: ACCELERATOR FINAL RESULT -> 19
Time 3495: ACCELERATOR FINAL RESULT -> 16
Time 3515: ACCELERATOR FINAL RESULT -> 16
Time 3535: ACCELERATOR FINAL RESULT -> 16
Time 3555: ACCELERATOR FINAL RESULT -> 16
Time 3575: ACCELERATOR FINAL RESULT -> 16
Time 3595: ACCELERATOR FINAL RESULT -> 16
Time 3615: ACCELERATOR FINAL RESULT -> 16
Time 3635: ACCELERATOR FINAL RESULT -> 16
Time 3655: ACCELERATOR FINAL RESULT -> 16
Time 3675: ACCELERATOR FINAL RESULT -> 16
Time 3695: ACCELERATOR FINAL RESULT -> 16
Time 3715: ACCELERATOR FINAL RESULT -> 16
Time 3735: ACCELERATOR FINAL RESULT -> 16
Time 3755: ACCELERATOR FINAL RESULT -> 16
Time 3775: ACCELERATOR FINAL RESULT -> 16
Time 3795: ACCELERATOR FINAL RESULT -> 16
Time 3815: ACCELERATOR FINAL RESULT -> 16
Time 3835: ACCELERATOR FINAL RESULT -> 16
Time 3855: ACCELERATOR FINAL RESULT -> 16
Time 3875: ACCELERATOR FINAL RESULT -> 16
Time 3895: ACCELERATOR FINAL RESULT -> 16
Time 3915: ACCELERATOR FINAL RESULT -> 16
Time 3935: ACCELERATOR FINAL RESULT -> 16
ACK received for SEND MATRIX B
Time 3955: ACCELERATOR FINAL RESULT -> 16

=== FULL SEQUENCE COMPLETED ===
Time 3975: ACCELERATOR FINAL RESULT -> 16
Time 3995: ACCELERATOR FINAL RESULT -> 16
Time 4015: ACCELERATOR FINAL RESULT -> 16
Time 4035: ACCELERATOR FINAL RESULT -> 16
Time 4055: ACCELERATOR FINAL RESULT -> 16
tb_accel.v:167: $finish called at 4065 (1s)
