WARNING: controller.v:576: $readmemh(/home/avinash/Desktop/MajorProject/generic_no_multicast/final_codes/matrices/mem_A_2x2.mem): Not enough words in the file for the requested range [0:15].
WARNING: controller.v:576: $readmemh(/home/avinash/Desktop/MajorProject/generic_no_multicast/final_codes/matrices/mem_B_2x3.mem): Not enough words in the file for the requested range [0:15].

=== STARTING BATCHED EXECUTION (Total VNs: 6, Batch Size: 4, Num Batches: 2) ===

--- BATCH 0 ---

--- VN ALLOCATION ---
Time 35: ACCELERATOR FINAL RESULT -> 43690
Time 55: ACCELERATOR FINAL RESULT -> 43690
Time 75: ACCELERATOR FINAL RESULT -> 43690
Time 95: ACCELERATOR FINAL RESULT -> 43690
Time 115: ACCELERATOR FINAL RESULT -> 43690
Time 135: ACCELERATOR FINAL RESULT -> 43690
Time 155: ACCELERATOR FINAL RESULT -> 43690
ACK received for VN ALLOCATION
Time 175: ACCELERATOR FINAL RESULT -> 43690
Time 195: ACCELERATOR FINAL RESULT -> 43690

--- RN CONFIGURATION ---
Time 215: ACCELERATOR FINAL RESULT -> 43690
Time 235: ACCELERATOR FINAL RESULT -> 43690
Time 255: ACCELERATOR FINAL RESULT -> 43690
Time 275: ACCELERATOR FINAL RESULT -> 43690
Time 295: ACCELERATOR FINAL RESULT -> 43690
Time 315: ACCELERATOR FINAL RESULT -> 43690
ACK received for RN CONFIGURATION
Time 335: ACCELERATOR FINAL RESULT -> 43690
Time 355: ACCELERATOR FINAL RESULT -> 43690

--- ONFIG STATIONARY ---
Time 375: ACCELERATOR FINAL RESULT -> 43690
Time 395: ACCELERATOR FINAL RESULT -> 43690
Time 415: ACCELERATOR FINAL RESULT -> 43690
Time 435: ACCELERATOR FINAL RESULT -> 43690
Time 455: ACCELERATOR FINAL RESULT -> 43690
Time 475: ACCELERATOR FINAL RESULT -> 43690
Time 495: MS Config Broadcast:
Time 495: ACCELERATOR FINAL RESULT -> 43690
  MS[0]: state=0001  payload=0
  MS[1]: state=0001  payload=0
  MS[2]: state=0001  payload=0
  MS[3]: state=0001  payload=0
  MS[4]: state=0001  payload=0
  MS[5]: state=0001  payload=0
  MS[6]: state=0001  payload=0
  MS[7]: state=0001  payload=0
ACK received for ONFIG STATIONARY
Time 515: ACCELERATOR FINAL RESULT -> 43690

--- SEND MATRIX A ---
Time 535: ACCELERATOR FINAL RESULT -> 43690
Time 555: ACCELERATOR FINAL RESULT -> 43690
Time 575: Controller Packet -> Val=1  Mask=00000001
Time 575: ACCELERATOR FINAL RESULT -> 43690
Time 585: Controller Packet -> Val=2  Mask=00000010
Time 595: Controller Packet -> Val=3  Mask=01000000
Time 595: ACCELERATOR FINAL RESULT -> 43690
Time 605: Controller Packet -> Val=4  Mask=10000000
Time 615: Controller Packet -> Val=1  Mask=00000100
Time 615: ACCELERATOR FINAL RESULT -> 43690
Time 625: Controller Packet -> Val=2  Mask=00001000
Time 635: Controller Packet -> Val=3  Mask=00000001
Time 635: ACCELERATOR FINAL RESULT -> 43690
Time 655: ACCELERATOR FINAL RESULT -> 43690
Time 665: Controller Packet -> Val=2  Mask=00100000
Time 675: Controller Packet -> Val=3  Mask=00000100
Time 675: ACCELERATOR FINAL RESULT -> 43690
Time 695: ACCELERATOR FINAL RESULT -> 43690
Time 715: ACCELERATOR FINAL RESULT -> 43690
ACK received for SEND MATRIX A
Time 735: ACCELERATOR FINAL RESULT -> 43690

--- CONFIG STREAMING ---
Time 755: ACCELERATOR FINAL RESULT -> 43690
Time 775: ACCELERATOR FINAL RESULT -> 43690
Time 795: ACCELERATOR FINAL RESULT -> 43690
Time 815: ACCELERATOR FINAL RESULT -> 43690
Time 835: ACCELERATOR FINAL RESULT -> 43690
Time 855: ACCELERATOR FINAL RESULT -> 43690
Time 875: ACCELERATOR FINAL RESULT -> 43690
Time 885: MS Config Broadcast:
  MS[0]: state=0010  payload=1
  MS[1]: state=0010  payload=1
  MS[2]: state=0010  payload=1
  MS[3]: state=0010  payload=1
  MS[4]: state=0010  payload=1
  MS[5]: state=0010  payload=1
  MS[6]: state=0010  payload=1
  MS[7]: state=0010  payload=1
ACK received for CONFIG STREAMING
Time 895: ACCELERATOR FINAL RESULT -> 43690
Time 915: ACCELERATOR FINAL RESULT -> 43690

--- SEND MATRIX B ---
Time 935: ACCELERATOR FINAL RESULT -> 43690
Time 955: ACCELERATOR FINAL RESULT -> 43690
Time 965: Controller Packet -> Val=1  Mask=00000001
Time 975: Controller Packet -> Val=4  Mask=00000010
Time 975: ACCELERATOR FINAL RESULT -> 43690
Time 985: Controller Packet -> Val=1  Mask=01000000
Time 995: Controller Packet -> Val=4  Mask=10000000
Time 995: ACCELERATOR FINAL RESULT -> 43690
Time 1005: Controller Packet -> Val=2  Mask=00000100
Time 1015: Controller Packet -> Val=5  Mask=00001000
Time 1015: ACCELERATOR FINAL RESULT -> 43690
Time 1025: Controller Packet -> Val=2  Mask=00000001
Time 1035: ACCELERATOR FINAL RESULT -> 43690
Time 1045: ACCELERATOR FINAL RESULT -> 11
Time 1055: Controller Packet -> Val=6  Mask=00100000
Time 1065: ACCELERATOR FINAL RESULT -> 11
Time 1065: Controller Packet -> Val=3  Mask=00000100
Time 1085: ACCELERATOR FINAL RESULT -> 11
Time 1095: ACCELERATOR FINAL RESULT -> 19
ACK received for SEND MATRIX B
Time 1115: ACCELERATOR FINAL RESULT -> 19
Time 1125: ACCELERATOR FINAL RESULT -> 16

--- BATCH 1 ---

--- VN ALLOCATION ---
Time 1145: ACCELERATOR FINAL RESULT -> 16
Time 1165: ACCELERATOR FINAL RESULT -> 16
Time 1185: ACCELERATOR FINAL RESULT -> 16
Time 1205: ACCELERATOR FINAL RESULT -> 16
Time 1225: ACCELERATOR FINAL RESULT -> 16
ACK received for VN ALLOCATION
Time 1245: ACCELERATOR FINAL RESULT -> 16
Time 1265: ACCELERATOR FINAL RESULT -> 16

--- RN CONFIGURATION ---
Time 1285: ACCELERATOR FINAL RESULT -> 16
ACK received for RN CONFIGURATION
Time 1305: ACCELERATOR FINAL RESULT -> 16

--- ONFIG STATIONARY ---
Time 1325: ACCELERATOR FINAL RESULT -> 16
Time 1345: ACCELERATOR FINAL RESULT -> 16
Time 1365: ACCELERATOR FINAL RESULT -> 16
Time 1385: ACCELERATOR FINAL RESULT -> 16
Time 1405: ACCELERATOR FINAL RESULT -> 16
Time 1425: ACCELERATOR FINAL RESULT -> 16
Time 1445: ACCELERATOR FINAL RESULT -> 16
Time 1455: MS Config Broadcast:
  MS[0]: state=0001  payload=0
  MS[1]: state=0001  payload=0
  MS[2]: state=0001  payload=0
  MS[3]: state=0001  payload=0
  MS[4]: state=0001  payload=0
  MS[5]: state=0001  payload=0
  MS[6]: state=0001  payload=0
  MS[7]: state=0001  payload=0
ACK received for ONFIG STATIONARY
Time 1465: ACCELERATOR FINAL RESULT -> 16
Time 1485: ACCELERATOR FINAL RESULT -> 16

--- SEND MATRIX A ---
Time 1505: ACCELERATOR FINAL RESULT -> 16
Time 1525: ACCELERATOR FINAL RESULT -> 16
Time 1535: Controller Packet -> Val=1  Mask=00000001
Time 1545: ACCELERATOR FINAL RESULT -> 16
Time 1545: Controller Packet -> Val=2  Mask=00000010
Time 1555: Controller Packet -> Val=3  Mask=01000000
Time 1565: ACCELERATOR FINAL RESULT -> 16
Time 1565: Controller Packet -> Val=4  Mask=10000000
Time 1575: Controller Packet -> Val=1  Mask=00000100
Time 1585: ACCELERATOR FINAL RESULT -> 16
Time 1585: Controller Packet -> Val=2  Mask=00001000
Time 1595: Controller Packet -> Val=3  Mask=00000001
Time 1605: ACCELERATOR FINAL RESULT -> 16
Time 1625: ACCELERATOR FINAL RESULT -> 16
Time 1625: Controller Packet -> Val=2  Mask=00100000
Time 1635: Controller Packet -> Val=3  Mask=00000100
Time 1645: ACCELERATOR FINAL RESULT -> 16
Time 1665: ACCELERATOR FINAL RESULT -> 16
ACK received for SEND MATRIX A
Time 1685: ACCELERATOR FINAL RESULT -> 16
Time 1705: ACCELERATOR FINAL RESULT -> 16

--- CONFIG STREAMING ---
Time 1725: ACCELERATOR FINAL RESULT -> 16
Time 1745: ACCELERATOR FINAL RESULT -> 16
Time 1765: ACCELERATOR FINAL RESULT -> 16
Time 1785: ACCELERATOR FINAL RESULT -> 16
Time 1805: ACCELERATOR FINAL RESULT -> 16
Time 1825: ACCELERATOR FINAL RESULT -> 16
Time 1845: MS Config Broadcast:
Time 1845: ACCELERATOR FINAL RESULT -> 16
  MS[0]: state=0010  payload=1
  MS[1]: state=0010  payload=1
  MS[2]: state=0010  payload=1
  MS[3]: state=0010  payload=1
  MS[4]: state=0010  payload=1
  MS[5]: state=0010  payload=1
  MS[6]: state=0010  payload=1
  MS[7]: state=0010  payload=1
ACK received for CONFIG STREAMING
Time 1865: ACCELERATOR FINAL RESULT -> 16

--- SEND MATRIX B ---
Time 1885: ACCELERATOR FINAL RESULT -> 16
Time 1905: ACCELERATOR FINAL RESULT -> 16
Time 1925: ACCELERATOR FINAL RESULT -> 16
Time 1925: Controller Packet -> Val=1  Mask=00000001
Time 1935: Controller Packet -> Val=4  Mask=00000010
Time 1945: ACCELERATOR FINAL RESULT -> 16
Time 1945: Controller Packet -> Val=1  Mask=01000000
Time 1955: Controller Packet -> Val=4  Mask=10000000
Time 1965: ACCELERATOR FINAL RESULT -> 16
Time 1965: Controller Packet -> Val=2  Mask=00000100
Time 1975: Controller Packet -> Val=5  Mask=00001000
Time 1985: ACCELERATOR FINAL RESULT -> 16
Time 1985: Controller Packet -> Val=2  Mask=00000001
Time 2005: ACCELERATOR FINAL RESULT -> 16
Time 2015: Controller Packet -> Val=6  Mask=00100000
Time 2015: ACCELERATOR FINAL RESULT -> 11
Time 2025: Controller Packet -> Val=3  Mask=00000100
Time 2035: ACCELERATOR FINAL RESULT -> 11
Time 2045: ACCELERATOR FINAL RESULT -> 19
Time 2065: ACCELERATOR FINAL RESULT -> 19
ACK received for SEND MATRIX B
Time 2085: ACCELERATOR FINAL RESULT -> 19
Time 2095: ACCELERATOR FINAL RESULT -> 16

=== FULL SEQUENCE COMPLETED ===
Time 2115: ACCELERATOR FINAL RESULT -> 16
Time 2135: ACCELERATOR FINAL RESULT -> 16
Time 2155: ACCELERATOR FINAL RESULT -> 16
Time 2175: ACCELERATOR FINAL RESULT -> 16
tb_accel.v:160: $finish called at 2195 (1s)
Time 2195: ACCELERATOR FINAL RESULT -> 16
