#! /usr/bin/vvp
:ivl_version "12.0 (stable)";
:ivl_delay_selection "TYPICAL";
:vpi_time_precision + 0;
:vpi_module "/usr/lib/x86_64-linux-gnu/ivl/system.vpi";
:vpi_module "/usr/lib/x86_64-linux-gnu/ivl/vhdl_sys.vpi";
:vpi_module "/usr/lib/x86_64-linux-gnu/ivl/vhdl_textio.vpi";
:vpi_module "/usr/lib/x86_64-linux-gnu/ivl/v2005_math.vpi";
:vpi_module "/usr/lib/x86_64-linux-gnu/ivl/va_math.vpi";
S_0x64006067f400 .scope module, "tb_art_config" "tb_art_config" 2 1;
 .timescale 0 0;
P_0x6400606a2d70 .param/l "BV_ADDR_W" 1 2 4, +C4<00000000000000000000000000000100>;
P_0x6400606a2db0 .param/l "NUM_MS" 1 2 3, +C4<00000000000000000000000000001000>;
v0x6400606cccf0_0 .net "ack", 0 0, v0x6400606cbd60_0;  1 drivers
v0x6400606ccdb0_0 .net "bv_addr", 3 0, v0x6400606cbe40_0;  1 drivers
v0x6400606cce80_0 .var "bv_rdata", 7 0;
v0x6400606ccf80_0 .net "bv_ren", 0 0, v0x6400606cc0c0_0;  1 drivers
v0x6400606cd050_0 .var "clk", 0 0;
v0x6400606cd140_0 .var "cmd_valid", 0 0;
v0x6400606cd210_0 .var/i "i", 31 0;
v0x6400606cd2b0 .array "mem", 15 0, 7 0;
v0x6400606cd350_0 .net "rn_config", 20 0, v0x6400606cc430_0;  1 drivers
v0x6400606cd4b0_0 .var "rst_n", 0 0;
S_0x64006067f630 .scope module, "dut" "art_config_unit" 2 23, 3 1 0, S_0x64006067f400;
 .timescale 0 0;
    .port_info 0 /INPUT 1 "clk";
    .port_info 1 /INPUT 1 "rst_n";
    .port_info 2 /INPUT 1 "cmd_valid";
    .port_info 3 /OUTPUT 1 "ack";
    .port_info 4 /OUTPUT 4 "bv_addr";
    .port_info 5 /OUTPUT 1 "bv_ren";
    .port_info 6 /INPUT 8 "bv_rdata";
    .port_info 7 /OUTPUT 21 "rn_config";
P_0x6400606a7370 .param/l "BV_ADDR_W" 0 3 3, +C4<00000000000000000000000000000100>;
P_0x6400606a73b0 .param/l "NUM_MS" 0 3 2, +C4<00000000000000000000000000001000>;
P_0x6400606a73f0 .param/l "S_CAP_BV" 1 3 26, C4<100>;
P_0x6400606a7430 .param/l "S_CAP_CNT" 1 3 24, C4<010>;
P_0x6400606a7470 .param/l "S_DONE" 1 3 27, C4<101>;
P_0x6400606a74b0 .param/l "S_IDLE" 1 3 22, C4<000>;
P_0x6400606a74f0 .param/l "S_READ_BV" 1 3 25, C4<011>;
P_0x6400606a7530 .param/l "S_READ_CNT" 1 3 23, C4<001>;
v0x6400606cbd60_0 .var "ack", 0 0;
v0x6400606cbe40_0 .var "bv_addr", 3 0;
v0x6400606cbf20_0 .var "bv_idx", 31 0;
v0x6400606cbfe0_0 .net "bv_rdata", 7 0, v0x6400606cce80_0;  1 drivers
v0x6400606cc0c0_0 .var "bv_ren", 0 0;
v0x6400606cc1d0_0 .net "clk", 0 0, v0x6400606cd050_0;  1 drivers
v0x6400606cc290_0 .net "cmd_valid", 0 0, v0x6400606cd140_0;  1 drivers
v0x6400606cc350_0 .var "config_accum", 20 0;
v0x6400606cc430_0 .var "rn_config", 20 0;
v0x6400606cc5a0_0 .net "rst_n", 0 0, v0x6400606cd4b0_0;  1 drivers
v0x6400606cc660_0 .var "state", 2 0;
v0x6400606cc740_0 .var "vn_count", 31 0;
E_0x640060683190/0 .event negedge, v0x6400606cc5a0_0;
E_0x640060683190/1 .event posedge, v0x6400606cc1d0_0;
E_0x640060683190 .event/or E_0x640060683190/0, E_0x640060683190/1;
S_0x64006063d5b0 .scope autofunction.vec4.s4, "count_bits" "count_bits" 3 37, 3 37 0, S_0x64006067f630;
 .timescale 0 0;
; Variable count_bits is vec4 return value of scope S_0x64006063d5b0
v0x64006066c520_0 .var "data", 7 0;
v0x6400606c9600_0 .var "end_idx", 2 0;
v0x6400606c96f0_0 .var/i "i", 31 0;
v0x6400606c97d0_0 .var "start_idx", 2 0;
TD_tb_art_config.dut.count_bits ;
    %pushi/vec4 0, 0, 4;
    %ret/vec4 0, 0, 4;  Assign to count_bits (store_vec4_to_lval)
    %pushi/vec4 0, 0, 32;
    %store/vec4 v0x6400606c96f0_0, 0, 32;
T_0.0 ;
    %load/vec4 v0x6400606c96f0_0;
    %cmpi/s 8, 0, 32;
    %jmp/0xz T_0.1, 5;
    %load/vec4 v0x6400606c97d0_0;
    %pad/u 32;
    %load/vec4 v0x6400606c96f0_0;
    %cmp/u;
    %flag_or 5, 4;
    %flag_get/vec4 5;
    %jmp/0 T_0.4, 5;
    %load/vec4 v0x6400606c96f0_0;
    %load/vec4 v0x6400606c9600_0;
    %pad/u 32;
    %cmp/u;
    %flag_get/vec4 4;
    %flag_get/vec4 5;
    %or;
    %and;
T_0.4;
    %flag_set/vec4 8;
    %jmp/0xz  T_0.2, 8;
    %load/vec4 v0x64006066c520_0;
    %load/vec4 v0x6400606c96f0_0;
    %part/s 1;
    %flag_set/vec4 8;
    %jmp/0xz  T_0.5, 8;
    %retload/vec4 0; Load count_bits (draw_signal_vec4)
    %addi 1, 0, 4;
    %ret/vec4 0, 0, 4;  Assign to count_bits (store_vec4_to_lval)
T_0.5 ;
T_0.2 ;
    %load/vec4 v0x6400606c96f0_0;
    %addi 1, 0, 32;
    %store/vec4 v0x6400606c96f0_0, 0, 32;
    %jmp T_0.0;
T_0.1 ;
    %end;
S_0x6400606c9900 .scope autofunction.vec4.s6, "get_dbl_cfg" "get_dbl_cfg" 3 90, 3 90 0, S_0x64006067f630;
 .timescale 0 0;
v0x6400606c9b00_0 .var "bv", 7 0;
v0x6400606c9be0_0 .var "cL", 3 0;
v0x6400606c9cc0_0 .var "cMid", 3 0;
v0x6400606c9d80_0 .var "cR", 3 0;
v0x6400606c9e60_0 .var "cTotal", 3 0;
v0x6400606c9f90_0 .var "genOutL", 0 0;
v0x6400606ca050_0 .var "genOutR", 0 0;
; Variable get_dbl_cfg is vec4 return value of scope S_0x6400606c9900
v0x6400606ca1f0_0 .var "modeL", 1 0;
v0x6400606ca2d0_0 .var "modeR", 1 0;
TD_tb_art_config.dut.get_dbl_cfg ;
    %alloc S_0x64006063d5b0;
    %load/vec4 v0x6400606c9b00_0;
    %pushi/vec4 2, 0, 3;
    %pushi/vec4 3, 0, 3;
    %store/vec4 v0x6400606c9600_0, 0, 3;
    %store/vec4 v0x6400606c97d0_0, 0, 3;
    %store/vec4 v0x64006066c520_0, 0, 8;
    %callf/vec4 TD_tb_art_config.dut.count_bits, S_0x64006063d5b0;
    %free S_0x64006063d5b0;
    %store/vec4 v0x6400606c9be0_0, 0, 4;
    %alloc S_0x64006063d5b0;
    %load/vec4 v0x6400606c9b00_0;
    %pushi/vec4 4, 0, 3;
    %pushi/vec4 5, 0, 3;
    %store/vec4 v0x6400606c9600_0, 0, 3;
    %store/vec4 v0x6400606c97d0_0, 0, 3;
    %store/vec4 v0x64006066c520_0, 0, 8;
    %callf/vec4 TD_tb_art_config.dut.count_bits, S_0x64006063d5b0;
    %free S_0x64006063d5b0;
    %store/vec4 v0x6400606c9d80_0, 0, 4;
    %alloc S_0x64006063d5b0;
    %load/vec4 v0x6400606c9b00_0;
    %pushi/vec4 3, 0, 3;
    %pushi/vec4 4, 0, 3;
    %store/vec4 v0x6400606c9600_0, 0, 3;
    %store/vec4 v0x6400606c97d0_0, 0, 3;
    %store/vec4 v0x64006066c520_0, 0, 8;
    %callf/vec4 TD_tb_art_config.dut.count_bits, S_0x64006063d5b0;
    %free S_0x64006063d5b0;
    %store/vec4 v0x6400606c9cc0_0, 0, 4;
    %alloc S_0x6400606cb890;
    %load/vec4 v0x6400606c9b00_0;
    %store/vec4 v0x6400606cbac0_0, 0, 8;
    %callf/vec4 TD_tb_art_config.dut.total_bits, S_0x6400606cb890;
    %free S_0x6400606cb890;
    %store/vec4 v0x6400606c9e60_0, 0, 4;
    %alloc S_0x64006063d5b0;
    %load/vec4 v0x6400606c9b00_0;
    %pushi/vec4 2, 0, 3;
    %pushi/vec4 4, 0, 3;
    %store/vec4 v0x6400606c9600_0, 0, 3;
    %store/vec4 v0x6400606c97d0_0, 0, 3;
    %store/vec4 v0x64006066c520_0, 0, 8;
    %callf/vec4 TD_tb_art_config.dut.count_bits, S_0x64006063d5b0;
    %free S_0x64006063d5b0;
    %pad/u 32;
    %cmpi/e 3, 0, 32;
    %jmp/0xz  T_1.7, 4;
    %pushi/vec4 3, 0, 2;
    %store/vec4 v0x6400606ca1f0_0, 0, 2;
    %jmp T_1.8;
T_1.7 ;
    %load/vec4 v0x6400606c9be0_0;
    %pad/u 32;
    %cmpi/e 2, 0, 32;
    %jmp/0xz  T_1.9, 4;
    %pushi/vec4 2, 0, 2;
    %store/vec4 v0x6400606ca1f0_0, 0, 2;
    %jmp T_1.10;
T_1.9 ;
    %load/vec4 v0x6400606c9be0_0;
    %pad/u 32;
    %cmpi/e 1, 0, 32;
    %jmp/0xz  T_1.11, 4;
    %pushi/vec4 1, 0, 2;
    %store/vec4 v0x6400606ca1f0_0, 0, 2;
    %jmp T_1.12;
T_1.11 ;
    %pushi/vec4 0, 0, 2;
    %store/vec4 v0x6400606ca1f0_0, 0, 2;
T_1.12 ;
T_1.10 ;
T_1.8 ;
    %alloc S_0x64006063d5b0;
    %load/vec4 v0x6400606c9b00_0;
    %pushi/vec4 3, 0, 3;
    %pushi/vec4 5, 0, 3;
    %store/vec4 v0x6400606c9600_0, 0, 3;
    %store/vec4 v0x6400606c97d0_0, 0, 3;
    %store/vec4 v0x64006066c520_0, 0, 8;
    %callf/vec4 TD_tb_art_config.dut.count_bits, S_0x64006063d5b0;
    %free S_0x64006063d5b0;
    %pad/u 32;
    %cmpi/e 3, 0, 32;
    %jmp/0xz  T_1.13, 4;
    %pushi/vec4 3, 0, 2;
    %store/vec4 v0x6400606ca2d0_0, 0, 2;
    %jmp T_1.14;
T_1.13 ;
    %load/vec4 v0x6400606c9d80_0;
    %pad/u 32;
    %cmpi/e 2, 0, 32;
    %jmp/0xz  T_1.15, 4;
    %pushi/vec4 2, 0, 2;
    %store/vec4 v0x6400606ca2d0_0, 0, 2;
    %jmp T_1.16;
T_1.15 ;
    %load/vec4 v0x6400606c9d80_0;
    %pad/u 32;
    %cmpi/e 1, 0, 32;
    %jmp/0xz  T_1.17, 4;
    %pushi/vec4 1, 0, 2;
    %store/vec4 v0x6400606ca2d0_0, 0, 2;
    %jmp T_1.18;
T_1.17 ;
    %pushi/vec4 0, 0, 2;
    %store/vec4 v0x6400606ca2d0_0, 0, 2;
T_1.18 ;
T_1.16 ;
T_1.14 ;
    %alloc S_0x64006063d5b0;
    %load/vec4 v0x6400606c9b00_0;
    %pushi/vec4 2, 0, 3;
    %pushi/vec4 5, 0, 3;
    %store/vec4 v0x6400606c9600_0, 0, 3;
    %store/vec4 v0x6400606c97d0_0, 0, 3;
    %store/vec4 v0x64006066c520_0, 0, 8;
    %callf/vec4 TD_tb_art_config.dut.count_bits, S_0x64006063d5b0;
    %free S_0x64006063d5b0;
    %pad/u 32;
    %cmpi/e 4, 0, 32;
    %jmp/0xz  T_1.19, 4;
    %pushi/vec4 2, 0, 2;
    %store/vec4 v0x6400606ca1f0_0, 0, 2;
    %pushi/vec4 3, 0, 2;
    %store/vec4 v0x6400606ca2d0_0, 0, 2;
T_1.19 ;
    %alloc S_0x64006063d5b0;
    %load/vec4 v0x6400606c9b00_0;
    %pushi/vec4 2, 0, 3;
    %pushi/vec4 4, 0, 3;
    %store/vec4 v0x6400606c9600_0, 0, 3;
    %store/vec4 v0x6400606c97d0_0, 0, 3;
    %store/vec4 v0x64006066c520_0, 0, 8;
    %callf/vec4 TD_tb_art_config.dut.count_bits, S_0x64006063d5b0;
    %free S_0x64006063d5b0;
    %load/vec4 v0x6400606c9e60_0;
    %cmp/e;
    %flag_get/vec4 4;
    %jmp/0 T_1.21, 4;
    %pushi/vec4 0, 0, 32;
    %load/vec4 v0x6400606c9e60_0;
    %pad/u 32;
    %cmp/u;
    %flag_get/vec4 5;
    %and;
T_1.21;
    %store/vec4 v0x6400606c9f90_0, 0, 1;
    %alloc S_0x64006063d5b0;
    %load/vec4 v0x6400606c9b00_0;
    %pushi/vec4 2, 0, 3;
    %pushi/vec4 5, 0, 3;
    %store/vec4 v0x6400606c9600_0, 0, 3;
    %store/vec4 v0x6400606c97d0_0, 0, 3;
    %store/vec4 v0x64006066c520_0, 0, 8;
    %callf/vec4 TD_tb_art_config.dut.count_bits, S_0x64006063d5b0;
    %free S_0x64006063d5b0;
    %load/vec4 v0x6400606c9e60_0;
    %cmp/e;
    %flag_get/vec4 4;
    %jmp/0 T_1.22, 4;
    %pushi/vec4 0, 0, 32;
    %load/vec4 v0x6400606c9e60_0;
    %pad/u 32;
    %cmp/u;
    %flag_get/vec4 5;
    %and;
T_1.22;
    %store/vec4 v0x6400606ca050_0, 0, 1;
    %load/vec4 v0x6400606ca1f0_0;
    %load/vec4 v0x6400606ca2d0_0;
    %concat/vec4; draw_concat_vec4
    %load/vec4 v0x6400606c9f90_0;
    %concat/vec4; draw_concat_vec4
    %load/vec4 v0x6400606ca050_0;
    %concat/vec4; draw_concat_vec4
    %ret/vec4 0, 0, 6;  Assign to get_dbl_cfg (store_vec4_to_lval)
    %end;
S_0x6400606ca3b0 .scope autofunction.vec4.s3, "get_switch_cfg" "get_switch_cfg" 3 65, 3 65 0, S_0x64006067f630;
 .timescale 0 0;
v0x6400606ca540_0 .var "bv", 7 0;
v0x6400606ca620_0 .var "cL", 3 0;
v0x6400606ca700_0 .var "cR", 3 0;
v0x6400606ca7f0_0 .var "cT", 3 0;
v0x6400606ca8d0_0 .var "genOut", 0 0;
; Variable get_switch_cfg is vec4 return value of scope S_0x6400606ca3b0
v0x6400606caac0_0 .var "l_end", 2 0;
v0x6400606caba0_0 .var "l_start", 2 0;
v0x6400606cac80_0 .var "mode", 1 0;
v0x6400606cadf0_0 .var "r_end", 2 0;
v0x6400606caed0_0 .var "r_start", 2 0;
TD_tb_art_config.dut.get_switch_cfg ;
    %alloc S_0x64006063d5b0;
    %load/vec4 v0x6400606ca540_0;
    %load/vec4 v0x6400606caba0_0;
    %load/vec4 v0x6400606caac0_0;
    %store/vec4 v0x6400606c9600_0, 0, 3;
    %store/vec4 v0x6400606c97d0_0, 0, 3;
    %store/vec4 v0x64006066c520_0, 0, 8;
    %callf/vec4 TD_tb_art_config.dut.count_bits, S_0x64006063d5b0;
    %free S_0x64006063d5b0;
    %store/vec4 v0x6400606ca620_0, 0, 4;
    %alloc S_0x64006063d5b0;
    %load/vec4 v0x6400606ca540_0;
    %load/vec4 v0x6400606caed0_0;
    %load/vec4 v0x6400606cadf0_0;
    %store/vec4 v0x6400606c9600_0, 0, 3;
    %store/vec4 v0x6400606c97d0_0, 0, 3;
    %store/vec4 v0x64006066c520_0, 0, 8;
    %callf/vec4 TD_tb_art_config.dut.count_bits, S_0x64006063d5b0;
    %free S_0x64006063d5b0;
    %store/vec4 v0x6400606ca700_0, 0, 4;
    %alloc S_0x6400606cb890;
    %load/vec4 v0x6400606ca540_0;
    %store/vec4 v0x6400606cbac0_0, 0, 8;
    %callf/vec4 TD_tb_art_config.dut.total_bits, S_0x6400606cb890;
    %free S_0x6400606cb890;
    %store/vec4 v0x6400606ca7f0_0, 0, 4;
    %load/vec4 v0x6400606ca620_0;
    %pad/u 32;
    %cmpi/u 0, 0, 32;
    %flag_or 5, 4; GT is !LE
    %flag_inv 5;
    %flag_get/vec4 5;
    %jmp/0 T_2.25, 5;
    %pushi/vec4 0, 0, 32;
    %load/vec4 v0x6400606ca700_0;
    %pad/u 32;
    %cmp/u;
    %flag_get/vec4 5;
    %and;
T_2.25;
    %flag_set/vec4 8;
    %jmp/0xz  T_2.23, 8;
    %pushi/vec4 1, 0, 2;
    %store/vec4 v0x6400606cac80_0, 0, 2;
    %jmp T_2.24;
T_2.23 ;
    %load/vec4 v0x6400606ca620_0;
    %pad/u 32;
    %cmpi/u 0, 0, 32;
    %flag_or 5, 4; GT is !LE
    %flag_inv 5;
    %jmp/0xz  T_2.26, 5;
    %pushi/vec4 2, 0, 2;
    %store/vec4 v0x6400606cac80_0, 0, 2;
    %jmp T_2.27;
T_2.26 ;
    %load/vec4 v0x6400606ca700_0;
    %pad/u 32;
    %cmpi/u 0, 0, 32;
    %flag_or 5, 4; GT is !LE
    %flag_inv 5;
    %jmp/0xz  T_2.28, 5;
    %pushi/vec4 3, 0, 2;
    %store/vec4 v0x6400606cac80_0, 0, 2;
    %jmp T_2.29;
T_2.28 ;
    %pushi/vec4 0, 0, 2;
    %store/vec4 v0x6400606cac80_0, 0, 2;
T_2.29 ;
T_2.27 ;
T_2.24 ;
    %load/vec4 v0x6400606ca620_0;
    %load/vec4 v0x6400606ca700_0;
    %add;
    %load/vec4 v0x6400606ca7f0_0;
    %cmp/e;
    %flag_get/vec4 4;
    %jmp/0 T_2.30, 4;
    %pushi/vec4 0, 0, 32;
    %load/vec4 v0x6400606ca7f0_0;
    %pad/u 32;
    %cmp/u;
    %flag_get/vec4 5;
    %and;
T_2.30;
    %store/vec4 v0x6400606ca8d0_0, 0, 1;
    %load/vec4 v0x6400606cac80_0;
    %load/vec4 v0x6400606ca8d0_0;
    %concat/vec4; draw_concat_vec4
    %ret/vec4 0, 0, 3;  Assign to get_switch_cfg (store_vec4_to_lval)
    %end;
S_0x6400606cafb0 .scope begin, "process_vn" "process_vn" 3 174, 3 174 0, S_0x64006067f630;
 .timescale 0 0;
v0x6400606cb140_0 .var "cD0", 5 0;
v0x6400606cb240_0 .var "cS0", 2 0;
v0x6400606cb320_0 .var "cS1", 2 0;
v0x6400606cb3e0_0 .var "cS2", 2 0;
v0x6400606cb4c0_0 .var "cS3", 2 0;
v0x6400606cb5f0_0 .var "cS4", 2 0;
v0x6400606cb6d0_0 .var "total", 3 0;
v0x6400606cb7b0_0 .var "vn_config", 20 0;
S_0x6400606cb890 .scope autofunction.vec4.s4, "total_bits" "total_bits" 3 53, 3 53 0, S_0x64006067f630;
 .timescale 0 0;
v0x6400606cbac0_0 .var "data", 7 0;
v0x6400606cbbc0_0 .var/i "i", 31 0;
; Variable total_bits is vec4 return value of scope S_0x6400606cb890
TD_tb_art_config.dut.total_bits ;
    %pushi/vec4 0, 0, 4;
    %ret/vec4 0, 0, 4;  Assign to total_bits (store_vec4_to_lval)
    %pushi/vec4 0, 0, 32;
    %store/vec4 v0x6400606cbbc0_0, 0, 32;
T_3.31 ;
    %load/vec4 v0x6400606cbbc0_0;
    %cmpi/s 8, 0, 32;
    %jmp/0xz T_3.32, 5;
    %load/vec4 v0x6400606cbac0_0;
    %load/vec4 v0x6400606cbbc0_0;
    %part/s 1;
    %flag_set/vec4 8;
    %jmp/0xz  T_3.33, 8;
    %retload/vec4 0; Load total_bits (draw_signal_vec4)
    %addi 1, 0, 4;
    %ret/vec4 0, 0, 4;  Assign to total_bits (store_vec4_to_lval)
T_3.33 ;
    %load/vec4 v0x6400606cbbc0_0;
    %addi 1, 0, 32;
    %store/vec4 v0x6400606cbbc0_0, 0, 32;
    %jmp T_3.31;
T_3.32 ;
    %end;
S_0x6400606cc920 .scope task, "run_test" "run_test" 2 54, 2 54 0, S_0x64006067f400;
 .timescale 0 0;
v0x6400606ccb10_0 .var "name", 127 0;
v0x6400606ccc10_0 .var/i "vn_cnt", 31 0;
E_0x64006068ba30 .event posedge, v0x6400606cc1d0_0;
E_0x640060687710 .event anyedge, v0x6400606cbd60_0;
TD_tb_art_config.run_test ;
    %vpi_call 2 58 "$display", "\012=== TEST: %0s ===", v0x6400606ccb10_0 {0 0 0};
    %load/vec4 v0x6400606ccc10_0;
    %pad/s 8;
    %ix/load 4, 0, 0;
    %flag_set/imm 4, 0;
    %store/vec4a v0x6400606cd2b0, 4, 0;
    %pushi/vec4 1, 0, 1;
    %store/vec4 v0x6400606cd140_0, 0, 1;
    %wait E_0x64006068ba30;
    %delay 1, 0;
    %pushi/vec4 0, 0, 1;
    %store/vec4 v0x6400606cd140_0, 0, 1;
    %vpi_call 2 63 "$display", "  [TB] Waiting for ACK..." {0 0 0};
T_4.35 ;
    %load/vec4 v0x6400606cccf0_0;
    %pad/u 32;
    %pushi/vec4 1, 0, 32;
    %cmp/e;
    %flag_get/vec4 4;
    %cmpi/ne 1, 0, 1;
    %jmp/0xz T_4.36, 6;
    %wait E_0x640060687710;
    %jmp T_4.35;
T_4.36 ;
    %vpi_call 2 65 "$display", "  [TB] ACK rcvd. Config: %b (%h)", v0x6400606cd350_0, v0x6400606cd350_0 {0 0 0};
    %wait E_0x64006068ba30;
    %delay 10, 0;
    %end;
    .scope S_0x64006067f630;
T_5 ;
    %wait E_0x640060683190;
    %load/vec4 v0x6400606cc5a0_0;
    %nor/r;
    %flag_set/vec4 8;
    %jmp/0xz  T_5.0, 8;
    %pushi/vec4 0, 0, 3;
    %assign/vec4 v0x6400606cc660_0, 0;
    %pushi/vec4 0, 0, 1;
    %assign/vec4 v0x6400606cbd60_0, 0;
    %pushi/vec4 0, 0, 4;
    %assign/vec4 v0x6400606cbe40_0, 0;
    %pushi/vec4 0, 0, 1;
    %assign/vec4 v0x6400606cc0c0_0, 0;
    %pushi/vec4 0, 0, 32;
    %assign/vec4 v0x6400606cc740_0, 0;
    %pushi/vec4 0, 0, 32;
    %assign/vec4 v0x6400606cbf20_0, 0;
    %pushi/vec4 0, 0, 21;
    %assign/vec4 v0x6400606cc350_0, 0;
    %pushi/vec4 0, 0, 21;
    %assign/vec4 v0x6400606cc430_0, 0;
    %jmp T_5.1;
T_5.0 ;
    %load/vec4 v0x6400606cc660_0;
    %dup/vec4;
    %pushi/vec4 0, 0, 3;
    %cmp/u;
    %jmp/1 T_5.2, 6;
    %dup/vec4;
    %pushi/vec4 1, 0, 3;
    %cmp/u;
    %jmp/1 T_5.3, 6;
    %dup/vec4;
    %pushi/vec4 2, 0, 3;
    %cmp/u;
    %jmp/1 T_5.4, 6;
    %dup/vec4;
    %pushi/vec4 3, 0, 3;
    %cmp/u;
    %jmp/1 T_5.5, 6;
    %dup/vec4;
    %pushi/vec4 4, 0, 3;
    %cmp/u;
    %jmp/1 T_5.6, 6;
    %dup/vec4;
    %pushi/vec4 5, 0, 3;
    %cmp/u;
    %jmp/1 T_5.7, 6;
    %jmp T_5.8;
T_5.2 ;
    %pushi/vec4 0, 0, 1;
    %assign/vec4 v0x6400606cbd60_0, 0;
    %load/vec4 v0x6400606cc290_0;
    %flag_set/vec4 8;
    %jmp/0xz  T_5.9, 8;
    %pushi/vec4 0, 0, 21;
    %assign/vec4 v0x6400606cc350_0, 0;
    %pushi/vec4 0, 0, 4;
    %assign/vec4 v0x6400606cbe40_0, 0;
    %pushi/vec4 1, 0, 1;
    %assign/vec4 v0x6400606cc0c0_0, 0;
    %pushi/vec4 1, 0, 3;
    %assign/vec4 v0x6400606cc660_0, 0;
T_5.9 ;
    %jmp T_5.8;
T_5.3 ;
    %pushi/vec4 0, 0, 1;
    %assign/vec4 v0x6400606cc0c0_0, 0;
    %pushi/vec4 2, 0, 3;
    %assign/vec4 v0x6400606cc660_0, 0;
    %jmp T_5.8;
T_5.4 ;
    %load/vec4 v0x6400606cbfe0_0;
    %pad/u 32;
    %assign/vec4 v0x6400606cc740_0, 0;
    %pushi/vec4 1, 0, 32;
    %assign/vec4 v0x6400606cbf20_0, 0;
    %load/vec4 v0x6400606cbfe0_0;
    %pad/u 32;
    %cmpi/u 0, 0, 32;
    %flag_or 5, 4; GT is !LE
    %flag_inv 5;
    %jmp/0xz  T_5.11, 5;
    %pushi/vec4 1, 0, 4;
    %assign/vec4 v0x6400606cbe40_0, 0;
    %pushi/vec4 1, 0, 1;
    %assign/vec4 v0x6400606cc0c0_0, 0;
    %pushi/vec4 3, 0, 3;
    %assign/vec4 v0x6400606cc660_0, 0;
    %jmp T_5.12;
T_5.11 ;
    %pushi/vec4 5, 0, 3;
    %assign/vec4 v0x6400606cc660_0, 0;
T_5.12 ;
    %jmp T_5.8;
T_5.5 ;
    %pushi/vec4 0, 0, 1;
    %assign/vec4 v0x6400606cc0c0_0, 0;
    %pushi/vec4 4, 0, 3;
    %assign/vec4 v0x6400606cc660_0, 0;
    %jmp T_5.8;
T_5.6 ;
    %fork t_1, S_0x6400606cafb0;
    %jmp t_0;
    .scope S_0x6400606cafb0;
t_1 ;
    %alloc S_0x6400606cb890;
    %load/vec4 v0x6400606cbfe0_0;
    %store/vec4 v0x6400606cbac0_0, 0, 8;
    %callf/vec4 TD_tb_art_config.dut.total_bits, S_0x6400606cb890;
    %free S_0x6400606cb890;
    %store/vec4 v0x6400606cb6d0_0, 0, 4;
    %alloc S_0x6400606ca3b0;
    %load/vec4 v0x6400606cbfe0_0;
    %pushi/vec4 6, 0, 3;
    %pushi/vec4 6, 0, 3;
    %pushi/vec4 7, 0, 3;
    %pushi/vec4 7, 0, 3;
    %store/vec4 v0x6400606cadf0_0, 0, 3;
    %store/vec4 v0x6400606caed0_0, 0, 3;
    %store/vec4 v0x6400606caac0_0, 0, 3;
    %store/vec4 v0x6400606caba0_0, 0, 3;
    %store/vec4 v0x6400606ca540_0, 0, 8;
    %callf/vec4 TD_tb_art_config.dut.get_switch_cfg, S_0x6400606ca3b0;
    %free S_0x6400606ca3b0;
    %store/vec4 v0x6400606cb5f0_0, 0, 3;
    %alloc S_0x6400606ca3b0;
    %load/vec4 v0x6400606cbfe0_0;
    %pushi/vec4 0, 0, 3;
    %pushi/vec4 0, 0, 3;
    %pushi/vec4 1, 0, 3;
    %pushi/vec4 1, 0, 3;
    %store/vec4 v0x6400606cadf0_0, 0, 3;
    %store/vec4 v0x6400606caed0_0, 0, 3;
    %store/vec4 v0x6400606caac0_0, 0, 3;
    %store/vec4 v0x6400606caba0_0, 0, 3;
    %store/vec4 v0x6400606ca540_0, 0, 8;
    %callf/vec4 TD_tb_art_config.dut.get_switch_cfg, S_0x6400606ca3b0;
    %free S_0x6400606ca3b0;
    %store/vec4 v0x6400606cb4c0_0, 0, 3;
    %alloc S_0x6400606c9900;
    %load/vec4 v0x6400606cbfe0_0;
    %store/vec4 v0x6400606c9b00_0, 0, 8;
    %callf/vec4 TD_tb_art_config.dut.get_dbl_cfg, S_0x6400606c9900;
    %free S_0x6400606c9900;
    %store/vec4 v0x6400606cb140_0, 0, 6;
    %alloc S_0x6400606ca3b0;
    %load/vec4 v0x6400606cbfe0_0;
    %pushi/vec4 0, 0, 3;
    %pushi/vec4 1, 0, 3;
    %pushi/vec4 2, 0, 3;
    %pushi/vec4 3, 0, 3;
    %store/vec4 v0x6400606cadf0_0, 0, 3;
    %store/vec4 v0x6400606caed0_0, 0, 3;
    %store/vec4 v0x6400606caac0_0, 0, 3;
    %store/vec4 v0x6400606caba0_0, 0, 3;
    %store/vec4 v0x6400606ca540_0, 0, 8;
    %callf/vec4 TD_tb_art_config.dut.get_switch_cfg, S_0x6400606ca3b0;
    %free S_0x6400606ca3b0;
    %store/vec4 v0x6400606cb320_0, 0, 3;
    %alloc S_0x6400606ca3b0;
    %load/vec4 v0x6400606cbfe0_0;
    %pushi/vec4 4, 0, 3;
    %pushi/vec4 5, 0, 3;
    %pushi/vec4 6, 0, 3;
    %pushi/vec4 7, 0, 3;
    %store/vec4 v0x6400606cadf0_0, 0, 3;
    %store/vec4 v0x6400606caed0_0, 0, 3;
    %store/vec4 v0x6400606caac0_0, 0, 3;
    %store/vec4 v0x6400606caba0_0, 0, 3;
    %store/vec4 v0x6400606ca540_0, 0, 8;
    %callf/vec4 TD_tb_art_config.dut.get_switch_cfg, S_0x6400606ca3b0;
    %free S_0x6400606ca3b0;
    %store/vec4 v0x6400606cb3e0_0, 0, 3;
    %alloc S_0x6400606ca3b0;
    %load/vec4 v0x6400606cbfe0_0;
    %pushi/vec4 0, 0, 3;
    %pushi/vec4 3, 0, 3;
    %pushi/vec4 4, 0, 3;
    %pushi/vec4 7, 0, 3;
    %store/vec4 v0x6400606cadf0_0, 0, 3;
    %store/vec4 v0x6400606caed0_0, 0, 3;
    %store/vec4 v0x6400606caac0_0, 0, 3;
    %store/vec4 v0x6400606caba0_0, 0, 3;
    %store/vec4 v0x6400606ca540_0, 0, 8;
    %callf/vec4 TD_tb_art_config.dut.get_switch_cfg, S_0x6400606ca3b0;
    %free S_0x6400606ca3b0;
    %store/vec4 v0x6400606cb240_0, 0, 3;
    %load/vec4 v0x6400606cb4c0_0;
    %parti/s 1, 0, 2;
    %flag_set/vec4 8;
    %jmp/1 T_5.15, 8;
    %load/vec4 v0x6400606cb140_0;
    %parti/s 1, 1, 2;
    %flag_set/vec4 9;
    %flag_or 8, 9;
T_5.15;
    %jmp/0xz  T_5.13, 8;
    %pushi/vec4 0, 0, 3;
    %store/vec4 v0x6400606cb320_0, 0, 3;
    %pushi/vec4 0, 0, 3;
    %store/vec4 v0x6400606cb240_0, 0, 3;
T_5.13 ;
    %load/vec4 v0x6400606cb140_0;
    %parti/s 1, 0, 2;
    %flag_set/vec4 8;
    %jmp/1 T_5.18, 8;
    %load/vec4 v0x6400606cb5f0_0;
    %parti/s 1, 0, 2;
    %flag_set/vec4 9;
    %flag_or 8, 9;
T_5.18;
    %jmp/0xz  T_5.16, 8;
    %pushi/vec4 0, 0, 3;
    %store/vec4 v0x6400606cb3e0_0, 0, 3;
    %pushi/vec4 0, 0, 3;
    %store/vec4 v0x6400606cb240_0, 0, 3;
T_5.16 ;
    %load/vec4 v0x6400606cb320_0;
    %parti/s 1, 0, 2;
    %flag_set/vec4 8;
    %jmp/1 T_5.21, 8;
    %load/vec4 v0x6400606cb3e0_0;
    %parti/s 1, 0, 2;
    %flag_set/vec4 9;
    %flag_or 8, 9;
T_5.21;
    %jmp/0xz  T_5.19, 8;
    %pushi/vec4 0, 0, 3;
    %store/vec4 v0x6400606cb240_0, 0, 3;
T_5.19 ;
    %load/vec4 v0x6400606cb5f0_0;
    %load/vec4 v0x6400606cb4c0_0;
    %concat/vec4; draw_concat_vec4
    %load/vec4 v0x6400606cb3e0_0;
    %concat/vec4; draw_concat_vec4
    %load/vec4 v0x6400606cb320_0;
    %concat/vec4; draw_concat_vec4
    %load/vec4 v0x6400606cb240_0;
    %concat/vec4; draw_concat_vec4
    %load/vec4 v0x6400606cb140_0;
    %concat/vec4; draw_concat_vec4
    %store/vec4 v0x6400606cb7b0_0, 0, 21;
    %load/vec4 v0x6400606cc350_0;
    %load/vec4 v0x6400606cb7b0_0;
    %or;
    %assign/vec4 v0x6400606cc350_0, 0;
    %end;
    .scope S_0x64006067f630;
t_0 %join;
    %load/vec4 v0x6400606cbf20_0;
    %load/vec4 v0x6400606cc740_0;
    %cmp/u;
    %jmp/0xz  T_5.22, 5;
    %load/vec4 v0x6400606cbf20_0;
    %addi 1, 0, 32;
    %assign/vec4 v0x6400606cbf20_0, 0;
    %load/vec4 v0x6400606cbf20_0;
    %parti/s 4, 0, 2;
    %addi 1, 0, 4;
    %assign/vec4 v0x6400606cbe40_0, 0;
    %pushi/vec4 1, 0, 1;
    %assign/vec4 v0x6400606cc0c0_0, 0;
    %pushi/vec4 3, 0, 3;
    %assign/vec4 v0x6400606cc660_0, 0;
    %jmp T_5.23;
T_5.22 ;
    %pushi/vec4 5, 0, 3;
    %assign/vec4 v0x6400606cc660_0, 0;
T_5.23 ;
    %jmp T_5.8;
T_5.7 ;
    %load/vec4 v0x6400606cc350_0;
    %assign/vec4 v0x6400606cc430_0, 0;
    %pushi/vec4 1, 0, 1;
    %assign/vec4 v0x6400606cbd60_0, 0;
    %load/vec4 v0x6400606cc290_0;
    %nor/r;
    %flag_set/vec4 8;
    %jmp/0xz  T_5.24, 8;
    %pushi/vec4 0, 0, 3;
    %assign/vec4 v0x6400606cc660_0, 0;
T_5.24 ;
    %jmp T_5.8;
T_5.8 ;
    %pop/vec4 1;
T_5.1 ;
    %jmp T_5;
    .thread T_5;
    .scope S_0x64006067f400;
T_6 ;
    %pushi/vec4 0, 0, 1;
    %store/vec4 v0x6400606cd050_0, 0, 1;
T_6.0 ;
    %delay 5, 0;
    %load/vec4 v0x6400606cd050_0;
    %inv;
    %store/vec4 v0x6400606cd050_0, 0, 1;
    %jmp T_6.0;
    %end;
    .thread T_6;
    .scope S_0x64006067f400;
T_7 ;
    %delay 500000, 0;
    %vpi_call 2 41 "$display", "TIMEOUT at time %t", $time {0 0 0};
    %vpi_call 2 42 "$finish" {0 0 0};
    %end;
    .thread T_7;
    .scope S_0x64006067f400;
T_8 ;
    %wait E_0x64006068ba30;
    %load/vec4 v0x6400606ccf80_0;
    %flag_set/vec4 8;
    %jmp/0xz  T_8.0, 8;
    %load/vec4 v0x6400606ccdb0_0;
    %pad/u 6;
    %ix/vec4 4;
    %load/vec4a v0x6400606cd2b0, 4;
    %vpi_call 2 48 "$display", "  [MEM] READ addr %d -> %h", v0x6400606ccdb0_0, S<0,vec4,u8> {1 0 0};
    %load/vec4 v0x6400606ccdb0_0;
    %pad/u 6;
    %ix/vec4 4;
    %load/vec4a v0x6400606cd2b0, 4;
    %assign/vec4 v0x6400606cce80_0, 0;
T_8.0 ;
    %jmp T_8;
    .thread T_8;
    .scope S_0x64006067f400;
T_9 ;
    %vpi_call 2 72 "$timeformat", 32'sb11111111111111111111111111110111, 32'sb00000000000000000000000000000010, " ns", 32'sb00000000000000000000000000010100 {0 0 0};
    %pushi/vec4 0, 0, 1;
    %store/vec4 v0x6400606cd4b0_0, 0, 1;
    %pushi/vec4 0, 0, 1;
    %store/vec4 v0x6400606cd140_0, 0, 1;
    %pushi/vec4 0, 0, 32;
    %store/vec4 v0x6400606cd210_0, 0, 32;
T_9.0 ;
    %load/vec4 v0x6400606cd210_0;
    %cmpi/s 16, 0, 32;
    %jmp/0xz T_9.1, 5;
    %pushi/vec4 0, 0, 8;
    %ix/getv/s 4, v0x6400606cd210_0;
    %store/vec4a v0x6400606cd2b0, 4, 0;
    %load/vec4 v0x6400606cd210_0;
    %addi 1, 0, 32;
    %store/vec4 v0x6400606cd210_0, 0, 32;
    %jmp T_9.0;
T_9.1 ;
    %delay 45, 0;
    %pushi/vec4 1, 0, 1;
    %store/vec4 v0x6400606cd4b0_0, 0, 1;
    %delay 50, 0;
    %pushi/vec4 3, 0, 8;
    %ix/load 4, 1, 0;
    %flag_set/imm 4, 0;
    %store/vec4a v0x6400606cd2b0, 4, 0;
    %pushi/vec4 12, 0, 8;
    %ix/load 4, 2, 0;
    %flag_set/imm 4, 0;
    %store/vec4a v0x6400606cd2b0, 4, 0;
    %pushi/vec4 48, 0, 8;
    %ix/load 4, 3, 0;
    %flag_set/imm 4, 0;
    %store/vec4a v0x6400606cd2b0, 4, 0;
    %pushi/vec4 192, 0, 8;
    %ix/load 4, 4, 0;
    %flag_set/imm 4, 0;
    %store/vec4a v0x6400606cd2b0, 4, 0;
    %pushi/vec4 4, 0, 32;
    %store/vec4 v0x6400606ccc10_0, 0, 32;
    %pushi/vec4 846737952, 0, 32; draw_string_vec4
    %pushi/vec4 1147761514, 0, 32; draw_string_vec4
    %concat/vec4; draw_string_vec4
    %pushi/vec4 1869180532, 0, 32; draw_string_vec4
    %concat/vec4; draw_string_vec4
    %pushi/vec4 542527091, 0, 32; draw_string_vec4
    %concat/vec4; draw_string_vec4
    %store/vec4 v0x6400606ccb10_0, 0, 128;
    %fork TD_tb_art_config.run_test, S_0x6400606cc920;
    %join;
    %pushi/vec4 255, 0, 8;
    %ix/load 4, 1, 0;
    %flag_set/imm 4, 0;
    %store/vec4a v0x6400606cd2b0, 4, 0;
    %pushi/vec4 1, 0, 32;
    %store/vec4 v0x6400606ccc10_0, 0, 32;
    %pushi/vec4 3628116196, 0, 33;
    %concati/vec4 3402252452, 0, 32;
    %concati/vec4 3402164934, 0, 32;
    %concati/vec4 1953066862, 0, 31;
    %store/vec4 v0x6400606ccb10_0, 0, 128;
    %fork TD_tb_art_config.run_test, S_0x6400606cc920;
    %join;
    %pushi/vec4 0, 0, 32;
    %store/vec4 v0x6400606cd210_0, 0, 32;
T_9.2 ;
    %load/vec4 v0x6400606cd210_0;
    %cmpi/s 8, 0, 32;
    %jmp/0xz T_9.3, 5;
    %pushi/vec4 1, 0, 8;
    %load/vec4 v0x6400606cd210_0;
    %ix/vec4 4;
    %shiftl 4;
    %load/vec4 v0x6400606cd210_0;
    %addi 1, 0, 32;
    %ix/vec4/s 4;
    %store/vec4a v0x6400606cd2b0, 4, 0;
    %load/vec4 v0x6400606cd210_0;
    %addi 1, 0, 32;
    %store/vec4 v0x6400606cd210_0, 0, 32;
    %jmp T_9.2;
T_9.3 ;
    %pushi/vec4 8, 0, 32;
    %store/vec4 v0x6400606ccc10_0, 0, 32;
    %pushi/vec4 3678291, 0, 32; draw_string_vec4
    %pushi/vec4 1953654113, 0, 32; draw_string_vec4
    %concat/vec4; draw_string_vec4
    %pushi/vec4 1835626087, 0, 32; draw_string_vec4
    %concat/vec4; draw_string_vec4
    %pushi/vec4 542527091, 0, 32; draw_string_vec4
    %concat/vec4; draw_string_vec4
    %store/vec4 v0x6400606ccb10_0, 0, 128;
    %fork TD_tb_art_config.run_test, S_0x6400606cc920;
    %join;
    %vpi_call 2 92 "$display", "\012ALL TESTS COMPLETED SUCCESSFULLY" {0 0 0};
    %delay 100, 0;
    %vpi_call 2 94 "$finish" {0 0 0};
    %end;
    .thread T_9;
# The file index is used to find the file name in the following table.
:file_names 4;
    "N/A";
    "<interactive>";
    "tb_art_config.v";
    "art_config_unit.v";
